<?xml version="1.0" encoding="utf-8"?>
<TestRun id="f0296e4e-eece-44a4-9f28-519032bdf5a8" name="@Cray 2025-09-10 08:36:49" xmlns="http://microsoft.com/schemas/VisualStudio/TeamTest/2010">
  <Times creation="2025-09-10T08:36:49.4557591+01:00" queuing="2025-09-10T08:36:49.4557591+01:00" start="2025-09-10T08:36:48.8837041+01:00" finish="2025-09-10T08:36:50.7585436+01:00" />
  <TestSettings name="default" id="5d6ba29e-6a40-4c38-bdbd-eec285f840d0">
    <Deployment runDeploymentRoot="_Cray_2025-09-10_08_36_49" />
  </TestSettings>
  <Results>
    <UnitTestResult executionId="8cbe07c2-cc14-4095-bccf-62333925fb42" testId="0c7ed1b3-1203-a609-bd07-2d3cf15da56d" testName="FastFsm.Tests.Features.Core.EnumParityTests.Triggers_HaveFullParity(machineName: &quot;ExceptionCallback&quot;, machine: MachineInfo { FluentStateType = typeof(FastFsm.Tests.Features.Core.StateCallbackTests+ExceptionState), FluentTriggerType = typeof(FastFsm.Tests.Features.Core.StateCallbackTests+ExceptionTrigger), IsComplete = True, LegacyStateType = typeof(FastFsm.Tests.Features.Core.StateCallbackTests+ExceptionState), LegacyTriggerType = typeof(FastFsm.Tests.Features.Core.StateCallbackTests+ExceptionTrigger), ··· })" computerName="Cray" duration="00:00:00.0016926" startTime="2025-09-10T08:36:49.5345048+01:00" endTime="2025-09-10T08:36:49.5345628+01:00" testType="13cdc9d9-ddb5-4fa4-a97d-d965ccfc6d4b" outcome="Passed" testListId="8c84fa94-04c1-424b-9868-57a2d4851a1d" relativeResultsDirectory="8cbe07c2-cc14-4095-bccf-62333925fb42">
      <Output>
        <StdOut>=== Enum Parity Report for ExceptionCallback ===
Fluent Type: ExceptionTrigger
Legacy Type: ExceptionTrigger

✅ Full parity achieved!</StdOut>
      </Output>
    </UnitTestResult>
    <UnitTestResult executionId="3579ed5f-66bb-4593-bae0-c0e6b6b8924a" testId="e859342f-6f61-0809-30e3-403cbcdfe2a9" testName="FastFsm.Tests.Features.Core.EnumParityTests.States_HaveFullParity(machineName: &quot;Unicode&quot;, machine: MachineInfo { FluentStateType = typeof(FastFsm.Tests.Features.EdgeCases.NameCollisionTests+UnicodeState), FluentTriggerType = typeof(FastFsm.Tests.Features.EdgeCases.NameCollisionTests+UnicodeTrigger), IsComplete = True, LegacyStateType = typeof(FastFsm.Tests.Features.EdgeCases.NameCollisionTests+UnicodeState), LegacyTriggerType = typeof(FastFsm.Tests.Features.EdgeCases.NameCollisionTests+UnicodeTrigger), ··· })" computerName="Cray" duration="00:00:00.0008572" startTime="2025-09-10T08:36:49.5653759+01:00" endTime="2025-09-10T08:36:49.5654035+01:00" testType="13cdc9d9-ddb5-4fa4-a97d-d965ccfc6d4b" outcome="Passed" testListId="8c84fa94-04c1-424b-9868-57a2d4851a1d" relativeResultsDirectory="3579ed5f-66bb-4593-bae0-c0e6b6b8924a">
      <Output>
        <StdOut>=== Enum Parity Report for Unicode ===
Fluent Type: UnicodeState
Legacy Type: UnicodeState

✅ Full parity achieved!</StdOut>
      </Output>
    </UnitTestResult>
    <UnitTestResult executionId="7b603579-0f99-45fe-9bac-9afe084f4f6c" testId="54a6e426-17a4-21ca-993f-9487db6805bc" testName="FastFsm.Tests.Features.Payload.PayloadVariantTestsLegacy.MultiPayloadType_DifferentTriggersWithDifferentPayloads_WorkCorrectly" computerName="Cray" duration="00:00:00.0010387" startTime="2025-09-10T08:36:49.5616389+01:00" endTime="2025-09-10T08:36:49.5622082+01:00" testType="13cdc9d9-ddb5-4fa4-a97d-d965ccfc6d4b" outcome="Passed" testListId="8c84fa94-04c1-424b-9868-57a2d4851a1d" relativeResultsDirectory="7b603579-0f99-45fe-9bac-9afe084f4f6c" />
    <UnitTestResult executionId="24133b32-1307-4c88-b77d-619d2cb325e4" testId="72b98529-468a-bb8b-2aa0-5f12e4097adb" testName="FastFsm.Tests.Features.Payload.PayloadVariantTestsFluent.InitialStateOnEntry_WithPayload_UsesParameterlessVersion" computerName="Cray" duration="00:00:00.0008242" startTime="2025-09-10T08:36:49.5090186+01:00" endTime="2025-09-10T08:36:49.5097470+01:00" testType="13cdc9d9-ddb5-4fa4-a97d-d965ccfc6d4b" outcome="Passed" testListId="8c84fa94-04c1-424b-9868-57a2d4851a1d" relativeResultsDirectory="24133b32-1307-4c88-b77d-619d2cb325e4" />
    <UnitTestResult executionId="e637ca56-c8fd-4779-8035-076a8aa8c9b0" testId="95eb4cd3-fc9a-b734-ed7f-2f3429185c72" testName="FastFsm.Tests.Features.Core.CoreMinimalTests.Core_CanFire_ChecksTransitions(apiType: Fluent)" computerName="Cray" duration="00:00:00.0012227" startTime="2025-09-10T08:36:49.5643372+01:00" endTime="2025-09-10T08:36:49.5645618+01:00" testType="13cdc9d9-ddb5-4fa4-a97d-d965ccfc6d4b" outcome="Failed" testListId="8c84fa94-04c1-424b-9868-57a2d4851a1d" relativeResultsDirectory="e637ca56-c8fd-4779-8035-076a8aa8c9b0">
      <Output>
        <ErrorInfo>
          <Message>Microsoft.CSharp.RuntimeBinder.RuntimeBinderException : The best overloaded method match for 'FastFsm.Runtime.StateMachineBase&lt;FastFsm.Tests.Features.Performance.BenchmarkTests.BenchmarkState,FastFsm.Tests.Features.Performance.BenchmarkTests.BenchmarkTrigger&gt;.CanFire(FastFsm.Tests.Features.Performance.BenchmarkTests.BenchmarkTrigger)' has some invalid arguments</Message>
          <StackTrace>   at CallSite.Target(Closure, CallSite, Object, Object)
   at System.Dynamic.UpdateDelegates.UpdateAndExecute2[T0,T1,TRet](CallSite site, T0 arg0, T1 arg1)
   at FastFsm.Tests.Features.Core.CoreMinimalTests.Core_CanFire_ChecksTransitions(ApiType apiType) in /home/lukasz/FastFsm/FastFsm.Tests/Features/Core/CoreMinimalTests.cs:line 140
   at InvokeStub_CoreMinimalTests.Core_CanFire_ChecksTransitions(Object, Span`1)
   at System.Reflection.MethodBaseInvoker.InvokeWithOneArg(Object obj, BindingFlags invokeAttr, Binder binder, Object[] parameters, CultureInfo culture)</StackTrace>
        </ErrorInfo>
      </Output>
    </UnitTestResult>
    <UnitTestResult executionId="0308c440-5399-4ebd-8706-3019941b28ed" testId="48ff3abc-cc78-b161-ef3b-ede3392794b6" testName="FastFsm.Tests.Features.Hsm.Runtime.InternalTransitionTestsLegacy.Internal_OnChild_Overrides_Parent_When_PriorityEqual" computerName="Cray" duration="00:00:00.0089587" startTime="2025-09-10T08:36:49.4505197+01:00" endTime="2025-09-10T08:36:49.4635928+01:00" testType="13cdc9d9-ddb5-4fa4-a97d-d965ccfc6d4b" outcome="Passed" testListId="8c84fa94-04c1-424b-9868-57a2d4851a1d" relativeResultsDirectory="0308c440-5399-4ebd-8706-3019941b28ed" />
    <UnitTestResult executionId="6c75006d-b6a6-4fe0-b5fc-1c962d192b80" testId="bf7e2d42-f09f-9aab-9776-11aa8b80a366" testName="FastFsm.Tests.Features.Payload.PayloadVariantTestsLegacy.GetPermittedTriggers_WithPayloadMachine_WorksCorrectly" computerName="Cray" duration="00:00:00.0007284" startTime="2025-09-10T08:36:49.5614365+01:00" endTime="2025-09-10T08:36:49.5615886+01:00" testType="13cdc9d9-ddb5-4fa4-a97d-d965ccfc6d4b" outcome="Passed" testListId="8c84fa94-04c1-424b-9868-57a2d4851a1d" relativeResultsDirectory="6c75006d-b6a6-4fe0-b5fc-1c962d192b80" />
    <UnitTestResult executionId="d5459ea0-b897-41f4-b97e-5316b8127fb1" testId="0b935dcf-3660-fbd1-e3d4-ab9a246ada04" testName="FastFsm.Tests.Features.Payload.PayloadVariantTestsFluent.MultiPayloadType_WrongPayloadType_FailsGracefully" computerName="Cray" duration="00:00:00.0099119" startTime="2025-09-10T08:36:49.4497673+01:00" endTime="2025-09-10T08:36:49.4618775+01:00" testType="13cdc9d9-ddb5-4fa4-a97d-d965ccfc6d4b" outcome="Passed" testListId="8c84fa94-04c1-424b-9868-57a2d4851a1d" relativeResultsDirectory="d5459ea0-b897-41f4-b97e-5316b8127fb1" />
    <UnitTestResult executionId="e16f7455-5208-428b-823e-ec624d1460d3" testId="0c7ed1b3-1203-a609-bd07-2d3cf15da56d" testName="FastFsm.Tests.Features.Core.EnumParityTests.Triggers_HaveFullParity(machineName: &quot;BasicBenchmark&quot;, machine: MachineInfo { FluentStateType = typeof(FastFsm.Tests.Features.Performance.BenchmarkTests+BenchmarkState), FluentTriggerType = typeof(FastFsm.Tests.Features.Performance.BenchmarkTests+BenchmarkTrigger), IsComplete = True, LegacyStateType = typeof(FastFsm.Tests.Features.Performance.BenchmarkTestsLegacy+BenchmarkState), LegacyTriggerType = typeof(FastFsm.Tests.Features.Performance.BenchmarkTestsLegacy+BenchmarkTrigger), ··· })" computerName="Cray" duration="00:00:00.0003286" startTime="2025-09-10T08:36:49.5280606+01:00" endTime="2025-09-10T08:36:49.5281181+01:00" testType="13cdc9d9-ddb5-4fa4-a97d-d965ccfc6d4b" outcome="Passed" testListId="8c84fa94-04c1-424b-9868-57a2d4851a1d" relativeResultsDirectory="e16f7455-5208-428b-823e-ec624d1460d3">
      <Output>
        <StdOut>=== Enum Parity Report for BasicBenchmark ===
Fluent Type: BenchmarkTrigger
Legacy Type: BenchmarkTrigger

✅ Full parity achieved!</StdOut>
      </Output>
    </UnitTestResult>
    <UnitTestResult executionId="74060633-0106-4aaf-8d84-e6b3b12079b3" testId="c7a40569-4ee1-26d1-1c12-72ea199bdc9b" testName="FastFsm.Tests.Features.Hsm.Runtime.InitialChildTestsLegacy.Transition_ToCompositeParent_Enters_ItsInitialChild" computerName="Cray" duration="00:00:00.0082171" startTime="2025-09-10T08:36:49.5143706+01:00" endTime="2025-09-10T08:36:49.5181781+01:00" testType="13cdc9d9-ddb5-4fa4-a97d-d965ccfc6d4b" outcome="Passed" testListId="8c84fa94-04c1-424b-9868-57a2d4851a1d" relativeResultsDirectory="74060633-0106-4aaf-8d84-e6b3b12079b3" />
    <UnitTestResult executionId="a7e74d49-ecb0-4b4e-867b-761283f96172" testId="1f8f2c79-757d-1317-606b-07768cad899a" testName="FastFsm.Tests.Features.Performance.BenchmarkTestsLegacy.Legacy_GuardEvaluation_RealWorldPerformance" computerName="Cray" duration="00:00:00.5080064" startTime="2025-09-10T08:36:49.4376706+01:00" endTime="2025-09-10T08:36:49.8645584+01:00" testType="13cdc9d9-ddb5-4fa4-a97d-d965ccfc6d4b" outcome="Passed" testListId="8c84fa94-04c1-424b-9868-57a2d4851a1d" relativeResultsDirectory="a7e74d49-ecb0-4b4e-867b-761283f96172">
      <Output>
        <StdOut>Legacy Real-world simulation:
  Total operations: 1,000,000
  Successful transitions: 1,000,000
  Time: 506ms
  Throughput: 1,973,149 ops/sec</StdOut>
      </Output>
    </UnitTestResult>
    <UnitTestResult executionId="34535c33-50f2-4645-8f69-c5201b390240" testId="e859342f-6f61-0809-30e3-403cbcdfe2a9" testName="FastFsm.Tests.Features.Core.EnumParityTests.States_HaveFullParity(machineName: &quot;WithGuardBenchmark&quot;, machine: MachineInfo { FluentStateType = typeof(FastFsm.Tests.Features.Performance.BenchmarkTests+BenchmarkState), FluentTriggerType = typeof(FastFsm.Tests.Features.Performance.BenchmarkTests+BenchmarkTrigger), IsComplete = True, LegacyStateType = typeof(FastFsm.Tests.Features.Performance.BenchmarkTestsLegacy+BenchmarkState), LegacyTriggerType = typeof(FastFsm.Tests.Features.Performance.BenchmarkTestsLegacy+BenchmarkTrigger), ··· })" computerName="Cray" duration="00:00:00.0000286" startTime="2025-09-10T08:36:49.5656872+01:00" endTime="2025-09-10T08:36:49.5657189+01:00" testType="13cdc9d9-ddb5-4fa4-a97d-d965ccfc6d4b" outcome="Passed" testListId="8c84fa94-04c1-424b-9868-57a2d4851a1d" relativeResultsDirectory="34535c33-50f2-4645-8f69-c5201b390240">
      <Output>
        <StdOut>=== Enum Parity Report for WithGuardBenchmark ===
Fluent Type: BenchmarkState
Legacy Type: BenchmarkState

✅ Full parity achieved!</StdOut>
      </Output>
    </UnitTestResult>
    <UnitTestResult executionId="77ab73f1-c7e3-48b1-ad09-996ae5bf9912" testId="bbdb78c6-6cf2-d232-dc8e-032ca46b2b73" testName="FastFsm.Tests.FluentAPIComparisonTests.WithGuardBenchmark_AttributeVsFluentAPI_GuardsShouldWorkIdentically" computerName="Cray" duration="00:00:00.0063691" startTime="2025-09-10T08:36:49.5515958+01:00" endTime="2025-09-10T08:36:49.5588066+01:00" testType="13cdc9d9-ddb5-4fa4-a97d-d965ccfc6d4b" outcome="Passed" testListId="8c84fa94-04c1-424b-9868-57a2d4851a1d" relativeResultsDirectory="77ab73f1-c7e3-48b1-ad09-996ae5bf9912" />
    <UnitTestResult executionId="56414c0e-cd0c-410b-b32e-883013c77233" testId="0c7ed1b3-1203-a609-bd07-2d3cf15da56d" testName="FastFsm.Tests.Features.Core.EnumParityTests.Triggers_HaveFullParity(machineName: &quot;ConflictingNames&quot;, machine: MachineInfo { FluentStateType = typeof(FastFsm.Tests.Features.EdgeCases.NameCollisionTests+ConflictState), FluentTriggerType = typeof(FastFsm.Tests.Features.EdgeCases.NameCollisionTests+ConflictTrigger), IsComplete = True, LegacyStateType = typeof(FastFsm.Tests.Features.EdgeCases.NameCollisionTests+ConflictState), LegacyTriggerType = typeof(FastFsm.Tests.Features.EdgeCases.NameCollisionTests+ConflictTrigger), ··· })" computerName="Cray" duration="00:00:00.0011581" startTime="2025-09-10T08:36:49.5317241+01:00" endTime="2025-09-10T08:36:49.5344345+01:00" testType="13cdc9d9-ddb5-4fa4-a97d-d965ccfc6d4b" outcome="Passed" testListId="8c84fa94-04c1-424b-9868-57a2d4851a1d" relativeResultsDirectory="56414c0e-cd0c-410b-b32e-883013c77233">
      <Output>
        <StdOut>=== Enum Parity Report for ConflictingNames ===
Fluent Type: ConflictTrigger
Legacy Type: ConflictTrigger

✅ Full parity achieved!</StdOut>
      </Output>
    </UnitTestResult>
    <UnitTestResult executionId="be9ac9ec-2a50-4ad1-9561-72422b169bed" testId="da5fafe8-e5f9-3585-f303-f1bfe1b158d9" testName="FastFsm.Tests.Features.Lifecycle.LifecycleTests.Machine_Throws_Before_Start(apiType: Legacy)" computerName="Cray" duration="00:00:00.0282713" startTime="2025-09-10T08:36:49.5233859+01:00" endTime="2025-09-10T08:36:49.5417220+01:00" testType="13cdc9d9-ddb5-4fa4-a97d-d965ccfc6d4b" outcome="Failed" testListId="8c84fa94-04c1-424b-9868-57a2d4851a1d" relativeResultsDirectory="be9ac9ec-2a50-4ad1-9561-72422b169bed">
      <Output>
        <ErrorInfo>
          <Message>Assert.Throws() Failure: Exception type was not an exact match
Expected: typeof(System.InvalidOperationException)
Actual:   typeof(Microsoft.CSharp.RuntimeBinder.RuntimeBinderException)
---- Microsoft.CSharp.RuntimeBinder.RuntimeBinderException : The best overloaded method match for 'FastFsm.Runtime.StateMachineBase&lt;FastFsm.Tests.Features.Performance.BenchmarkTestsLegacy.BenchmarkState,FastFsm.Tests.Features.Performance.BenchmarkTestsLegacy.BenchmarkTrigger&gt;.TryFire(FastFsm.Tests.Features.Performance.BenchmarkTestsLegacy.BenchmarkTrigger, object)' has some invalid arguments</Message>
          <StackTrace>   at FastFsm.Tests.Features.Lifecycle.LifecycleTests.Machine_Throws_Before_Start(ApiType apiType) in /home/lukasz/FastFsm/FastFsm.Tests/Features/Lifecycle/LifecycleTests.cs:line 55
   at InvokeStub_LifecycleTests.Machine_Throws_Before_Start(Object, Span`1)
   at System.Reflection.MethodBaseInvoker.InvokeWithOneArg(Object obj, BindingFlags invokeAttr, Binder binder, Object[] parameters, CultureInfo culture)
----- Inner Stack Trace -----
   at CallSite.Target(Closure, CallSite, Object, Object)
   at System.Dynamic.UpdateDelegates.UpdateAndExecute2[T0,T1,TRet](CallSite site, T0 arg0, T1 arg1)
   at FastFsm.Tests.Features.Lifecycle.LifecycleTests.&lt;&gt;c__DisplayClass4_0.&lt;Machine_Throws_Before_Start&gt;b__0() in /home/lukasz/FastFsm/FastFsm.Tests/Features/Lifecycle/LifecycleTests.cs:line 56</StackTrace>
        </ErrorInfo>
      </Output>
    </UnitTestResult>
    <UnitTestResult executionId="e2ba8384-dbb1-4b44-baa0-9c3869027b03" testId="1c744c55-237b-2435-e6b7-e93a3c574848" testName="FastFsm.Tests.Features.Exceptions.ExceptionDirective_Cancellation_Tests.OnEntry_OCE_AlwaysPropagates_EvenIfHandlerReturnsContinue" computerName="Cray" duration="00:00:00.0120470" startTime="2025-09-10T08:36:49.4408845+01:00" endTime="2025-09-10T08:36:49.4485491+01:00" testType="13cdc9d9-ddb5-4fa4-a97d-d965ccfc6d4b" outcome="Passed" testListId="8c84fa94-04c1-424b-9868-57a2d4851a1d" relativeResultsDirectory="e2ba8384-dbb1-4b44-baa0-9c3869027b03" />
    <UnitTestResult executionId="6cd49383-05de-4c62-bdc9-dd0120f0fc06" testId="0c7ed1b3-1203-a609-bd07-2d3cf15da56d" testName="FastFsm.Tests.Features.Core.EnumParityTests.Triggers_HaveFullParity(machineName: &quot;FullMultiPayload&quot;, machine: MachineInfo { FluentStateType = typeof(FastFsm.Tests.Features.Payload.MultiState), FluentTriggerType = typeof(FastFsm.Tests.Features.Payload.MultiTrigger), IsComplete = True, LegacyStateType = typeof(FastFsm.Tests.Features.Payload.MultiState), LegacyTriggerType = typeof(FastFsm.Tests.Features.Payload.MultiTrigger), ··· })" computerName="Cray" duration="00:00:00.0015846" startTime="2025-09-10T08:36:49.5346665+01:00" endTime="2025-09-10T08:36:49.5357880+01:00" testType="13cdc9d9-ddb5-4fa4-a97d-d965ccfc6d4b" outcome="Passed" testListId="8c84fa94-04c1-424b-9868-57a2d4851a1d" relativeResultsDirectory="6cd49383-05de-4c62-bdc9-dd0120f0fc06">
      <Output>
        <StdOut>=== Enum Parity Report for FullMultiPayload ===
Fluent Type: MultiTrigger
Legacy Type: MultiTrigger

✅ Full parity achieved!</StdOut>
      </Output>
    </UnitTestResult>
    <UnitTestResult executionId="04d84751-1ee1-4c0b-a090-fc1555e02896" testId="b9faf9f7-581e-9892-eb39-defc973b39a2" testName="FastFsm.Tests.Features.Payload.PayloadVariantTestsFluent.SinglePayloadType_ActionWithPayload_ReceivesData" computerName="Cray" duration="00:00:00.0058312" startTime="2025-09-10T08:36:49.4932643+01:00" endTime="2025-09-10T08:36:49.5041279+01:00" testType="13cdc9d9-ddb5-4fa4-a97d-d965ccfc6d4b" outcome="Passed" testListId="8c84fa94-04c1-424b-9868-57a2d4851a1d" relativeResultsDirectory="04d84751-1ee1-4c0b-a090-fc1555e02896" />
    <UnitTestResult executionId="142ca485-037c-4b04-8623-f4f528efc632" testId="808767a6-3628-03a4-f5f9-15df70c8a55b" testName="FastFsm.Tests.Features.Hsm.Runtime.DeepHistoryTestsLegacy.DeepHistory_Restores_LeafPath_After_Reentering" computerName="Cray" duration="00:00:00.0063484" startTime="2025-09-10T08:36:49.5504203+01:00" endTime="2025-09-10T08:36:49.5536327+01:00" testType="13cdc9d9-ddb5-4fa4-a97d-d965ccfc6d4b" outcome="Passed" testListId="8c84fa94-04c1-424b-9868-57a2d4851a1d" relativeResultsDirectory="142ca485-037c-4b04-8623-f4f528efc632" />
    <UnitTestResult executionId="83f5052d-8814-447a-9945-c32ce8fc9122" testId="f246b302-c441-5fd5-551a-df77ff617ce8" testName="FastFsm.Tests.Features.Performance.BenchmarkTests.GuardEvaluation_RealWorldPerformance" computerName="Cray" duration="00:00:00.5040964" startTime="2025-09-10T08:36:49.4806778+01:00" endTime="2025-09-10T08:36:49.9045021+01:00" testType="13cdc9d9-ddb5-4fa4-a97d-d965ccfc6d4b" outcome="Passed" testListId="8c84fa94-04c1-424b-9868-57a2d4851a1d" relativeResultsDirectory="83f5052d-8814-447a-9945-c32ce8fc9122">
      <Output>
        <StdOut>Real-world simulation:
  Total operations: 1,000,000
  Successful transitions: 1,000,000
  Time: 494ms
  Throughput: 2,022,344 ops/sec</StdOut>
      </Output>
    </UnitTestResult>
    <UnitTestResult executionId="3b0001cf-5cf2-4659-b89d-63ce21b1540d" testId="0c7ed1b3-1203-a609-bd07-2d3cf15da56d" testName="FastFsm.Tests.Features.Core.EnumParityTests.Triggers_HaveFullParity(machineName: &quot;Unreachable&quot;, machine: MachineInfo { FluentStateType = typeof(FastFsm.Tests.Features.EdgeCases.EmptyMachineTests+UnreachableState), FluentTriggerType = typeof(FastFsm.Tests.Features.EdgeCases.EmptyMachineTests+UnreachableTrigger), IsComplete = True, LegacyStateType = typeof(FastFsm.Tests.Features.EdgeCases.EmptyMachineTests+UnreachableState), LegacyTriggerType = typeof(FastFsm.Tests.Features.EdgeCases.EmptyMachineTests+UnreachableTrigger), ··· })" computerName="Cray" duration="00:00:00.0013820" startTime="2025-09-10T08:36:49.5482505+01:00" endTime="2025-09-10T08:36:49.5487560+01:00" testType="13cdc9d9-ddb5-4fa4-a97d-d965ccfc6d4b" outcome="Passed" testListId="8c84fa94-04c1-424b-9868-57a2d4851a1d" relativeResultsDirectory="3b0001cf-5cf2-4659-b89d-63ce21b1540d">
      <Output>
        <StdOut>=== Enum Parity Report for Unreachable ===
Fluent Type: UnreachableTrigger
Legacy Type: UnreachableTrigger

✅ Full parity achieved!</StdOut>
      </Output>
    </UnitTestResult>
    <UnitTestResult executionId="918fe281-d623-494c-930a-bfb4d8338d6d" testId="e71f9ae3-88e8-c990-fae3-3b1a9dd4df17" testName="FastFsm.Tests.Features.Hsm.Runtime.HsmIsInHierarchyTestsFluentV2.IsInHierarchy_WorksAfterTransitionsWithinHierarchyFluentV2" computerName="Cray" duration="00:00:00.0050842" startTime="2025-09-10T08:36:49.5087470+01:00" endTime="2025-09-10T08:36:49.5110526+01:00" testType="13cdc9d9-ddb5-4fa4-a97d-d965ccfc6d4b" outcome="Passed" testListId="8c84fa94-04c1-424b-9868-57a2d4851a1d" relativeResultsDirectory="918fe281-d623-494c-930a-bfb4d8338d6d" />
    <UnitTestResult executionId="d75ca25f-e6f4-4f06-917a-5026a05bea57" testId="93a6178a-9377-37a9-54ed-19a82c53f000" testName="FastFsm.Tests.Features.Core.StateCallbackTests.FailedGuard_DoesNotTrigger_OnExitOnEntry" computerName="Cray" duration="00:00:00.0046222" startTime="2025-09-10T08:36:49.5544862+01:00" endTime="2025-09-10T08:36:49.5600358+01:00" testType="13cdc9d9-ddb5-4fa4-a97d-d965ccfc6d4b" outcome="Passed" testListId="8c84fa94-04c1-424b-9868-57a2d4851a1d" relativeResultsDirectory="d75ca25f-e6f4-4f06-917a-5026a05bea57" />
    <UnitTestResult executionId="0cb1a8bd-57d6-464e-8f33-f28425845cc7" testId="6db8cf72-8810-5534-c949-5db0a8c62ada" testName="FastFsm.Tests.Features.Extensions.ExtensionsStandaloneTests.Extensions_WithoutExtensions_MachineStillWorks" computerName="Cray" duration="00:00:00.0007794" startTime="2025-09-10T08:36:49.5030944+01:00" endTime="2025-09-10T08:36:49.5034679+01:00" testType="13cdc9d9-ddb5-4fa4-a97d-d965ccfc6d4b" outcome="Passed" testListId="8c84fa94-04c1-424b-9868-57a2d4851a1d" relativeResultsDirectory="0cb1a8bd-57d6-464e-8f33-f28425845cc7" />
    <UnitTestResult executionId="f66ffbcb-4479-4021-a0b9-6796943fd5b2" testId="e859342f-6f61-0809-30e3-403cbcdfe2a9" testName="FastFsm.Tests.Features.Core.EnumParityTests.States_HaveFullParity(machineName: &quot;GuardedCallback&quot;, machine: MachineInfo { FluentStateType = typeof(FastFsm.Tests.Features.Core.StateCallbackTests+GuardedState), FluentTriggerType = typeof(FastFsm.Tests.Features.Core.StateCallbackTests+GuardedTrigger), IsComplete = True, LegacyStateType = typeof(FastFsm.Tests.Features.Core.StateCallbackTests+GuardedState), LegacyTriggerType = typeof(FastFsm.Tests.Features.Core.StateCallbackTests+GuardedTrigger), ··· })" computerName="Cray" duration="00:00:00.0009412" startTime="2025-09-10T08:36:49.5613664+01:00" endTime="2025-09-10T08:36:49.5615479+01:00" testType="13cdc9d9-ddb5-4fa4-a97d-d965ccfc6d4b" outcome="Passed" testListId="8c84fa94-04c1-424b-9868-57a2d4851a1d" relativeResultsDirectory="f66ffbcb-4479-4021-a0b9-6796943fd5b2">
      <Output>
        <StdOut>=== Enum Parity Report for GuardedCallback ===
Fluent Type: GuardedState
Legacy Type: GuardedState

✅ Full parity achieved!</StdOut>
      </Output>
    </UnitTestResult>
    <UnitTestResult executionId="dca41f3d-cd9d-4305-8e72-6b84235c8f28" testId="09c0d386-969a-02a2-e36c-1801954168d5" testName="FastFsm.Tests.Features.Payload.PayloadVariantTestsFluent.MixedPayloadTypes_DefaultAndSpecific_WorkTogether" computerName="Cray" duration="00:00:00.0282109" startTime="2025-09-10T08:36:49.4660292+01:00" endTime="2025-09-10T08:36:49.4927533+01:00" testType="13cdc9d9-ddb5-4fa4-a97d-d965ccfc6d4b" outcome="Passed" testListId="8c84fa94-04c1-424b-9868-57a2d4851a1d" relativeResultsDirectory="dca41f3d-cd9d-4305-8e72-6b84235c8f28" />
    <UnitTestResult executionId="afafdb5b-900f-4bb1-bb9f-cb80ad868591" testId="0c7ed1b3-1203-a609-bd07-2d3cf15da56d" testName="FastFsm.Tests.Features.Core.EnumParityTests.Triggers_HaveFullParity(machineName: &quot;SingleState&quot;, machine: MachineInfo { FluentStateType = typeof(FastFsm.Tests.Features.EdgeCases.EmptyMachineTests+SingleState), FluentTriggerType = typeof(FastFsm.Tests.Features.EdgeCases.EmptyMachineTests+SingleTrigger), IsComplete = True, LegacyStateType = typeof(FastFsm.Tests.Features.EdgeCases.EmptyMachineTests+SingleState), LegacyTriggerType = typeof(FastFsm.Tests.Features.EdgeCases.EmptyMachineTests+SingleTrigger), ··· })" computerName="Cray" duration="00:00:00.0011988" startTime="2025-09-10T08:36:49.5467906+01:00" endTime="2025-09-10T08:36:49.5473021+01:00" testType="13cdc9d9-ddb5-4fa4-a97d-d965ccfc6d4b" outcome="Passed" testListId="8c84fa94-04c1-424b-9868-57a2d4851a1d" relativeResultsDirectory="afafdb5b-900f-4bb1-bb9f-cb80ad868591">
      <Output>
        <StdOut>=== Enum Parity Report for SingleState ===
Fluent Type: SingleTrigger
Legacy Type: SingleTrigger

✅ Full parity achieved!</StdOut>
      </Output>
    </UnitTestResult>
    <UnitTestResult executionId="c06ee939-1816-4a6d-9c34-fda680d5f974" testId="79f48fff-1a22-9706-ffe0-c1066dd1fc96" testName="FastFsm.Tests.Features.Payload.PayloadVariantTestsLegacy.SinglePayloadType_BasicTransition_PassesPayloadCorrectly" computerName="Cray" duration="00:00:00.0007858" startTime="2025-09-10T08:36:49.5631099+01:00" endTime="2025-09-10T08:36:49.5633732+01:00" testType="13cdc9d9-ddb5-4fa4-a97d-d965ccfc6d4b" outcome="Passed" testListId="8c84fa94-04c1-424b-9868-57a2d4851a1d" relativeResultsDirectory="c06ee939-1816-4a6d-9c34-fda680d5f974" />
    <UnitTestResult executionId="5e6eaed1-1635-4643-845c-d73746653157" testId="3be27d1c-9bc2-c4f1-ca73-8126b0c3b899" testName="FastFsm.Tests.Features.Parity.DualApiMatrixTests.Machine_AsyncOperations_WorkOnBothApis(machineName: &quot;GuardPermitted&quot;, apiType: Fluent)" computerName="Cray" duration="00:00:00.0094356" startTime="2025-09-10T08:36:49.4785107+01:00" endTime="2025-09-10T08:36:49.4812318+01:00" testType="13cdc9d9-ddb5-4fa4-a97d-d965ccfc6d4b" outcome="Failed" testListId="8c84fa94-04c1-424b-9868-57a2d4851a1d" relativeResultsDirectory="5e6eaed1-1635-4643-845c-d73746653157">
      <Output>
        <StdOut>❌ GuardPermitted (Fluent) Async: Value cannot be null. (Parameter 'key')</StdOut>
        <ErrorInfo>
          <Message>System.ArgumentNullException : Value cannot be null. (Parameter 'key')</Message>
          <StackTrace>   at System.Collections.Generic.Dictionary`2.FindValue(TKey key)
   at System.Collections.Generic.Dictionary`2.TryGetValue(TKey key, TValue&amp; value)
   at FastFsm.Tests.TestHelpers.EnumConverter.ConvertEnum(Type targetType, String name) in /home/lukasz/FastFsm/FastFsm.Tests/TestHelpers/EnumConverter.cs:line 44
   at FastFsm.Tests.TestHelpers.GuardPermittedFluentWrapper..ctor(String initialStateName) in /home/lukasz/FastFsm/FastFsm.Tests/TestHelpers/GuardPermittedWrappers.cs:line 19
   at FastFsm.Tests.TestHelpers.MachineRegistry.&lt;&gt;c.&lt;.cctor&gt;b__2_1(ApiType api, String state) in /home/lukasz/FastFsm/FastFsm.Tests/TestHelpers/MachineRegistry.cs:line 44
   at FastFsm.Tests.Features.Parity.DualApiMatrixTests.Machine_AsyncOperations_WorkOnBothApis(String machineName, ApiType apiType) in /home/lukasz/FastFsm/FastFsm.Tests/Features/Parity/DualApiMatrixTests.cs:line 142
   at System.Threading.Tasks.Task.&lt;&gt;c.&lt;ThrowAsync&gt;b__128_0(Object state)</StackTrace>
        </ErrorInfo>
      </Output>
    </UnitTestResult>
    <UnitTestResult executionId="69bcf5f2-4511-4f1b-9941-86377befd2d3" testId="cdbf9394-6673-fba8-e2ff-8252c0429c07" testName="FastFsm.Tests.Features.Core.CoreMinimalTestsRefactored.Core_MinimalMemoryFootprint(apiType: Legacy)" computerName="Cray" duration="00:00:00.0130080" startTime="2025-09-10T08:36:49.4805429+01:00" endTime="2025-09-10T08:36:49.4818425+01:00" testType="13cdc9d9-ddb5-4fa4-a97d-d965ccfc6d4b" outcome="Passed" testListId="8c84fa94-04c1-424b-9868-57a2d4851a1d" relativeResultsDirectory="69bcf5f2-4511-4f1b-9941-86377befd2d3" />
    <UnitTestResult executionId="666196db-0ec9-429f-b32e-6f8549602195" testId="fd323435-fd40-c9e9-091d-231986589d5e" testName="FastFsm.Tests.Features.Extensions.ExtensionsStandaloneTests.Extensions_ExceptionInExtension_DoesNotBreakTransition" computerName="Cray" duration="00:00:00.0048622" startTime="2025-09-10T08:36:49.4925446+01:00" endTime="2025-09-10T08:36:49.5028786+01:00" testType="13cdc9d9-ddb5-4fa4-a97d-d965ccfc6d4b" outcome="Passed" testListId="8c84fa94-04c1-424b-9868-57a2d4851a1d" relativeResultsDirectory="666196db-0ec9-429f-b32e-6f8549602195" />
    <UnitTestResult executionId="c120f743-bb25-4c90-89dd-22843644a817" testId="36219be5-0214-b01b-7843-eff699e0a37f" testName="FastFsm.Tests.Features.Payload.PayloadVariantTestsLegacy.PayloadOverloading_BothParameterlessAndPayloadMethods_CalledCorrectly" computerName="Cray" duration="00:00:00.0013296" startTime="2025-09-10T08:36:49.5587065+01:00" endTime="2025-09-10T08:36:49.5588905+01:00" testType="13cdc9d9-ddb5-4fa4-a97d-d965ccfc6d4b" outcome="Passed" testListId="8c84fa94-04c1-424b-9868-57a2d4851a1d" relativeResultsDirectory="c120f743-bb25-4c90-89dd-22843644a817" />
    <UnitTestResult executionId="2cb483da-8728-4199-8dc8-bc3bf9de7b34" testId="e89c0c9b-26d0-e45b-3285-431efe47a3a3" testName="FastFsm.Tests.FluentAPIComparisonTests.FullOrderMachine_AttributeVsFluentAPI_ComplexScenarioShouldWorkIdentically" computerName="Cray" duration="00:00:00.0032775" startTime="2025-09-10T08:36:49.5597912+01:00" endTime="2025-09-10T08:36:49.5614586+01:00" testType="13cdc9d9-ddb5-4fa4-a97d-d965ccfc6d4b" outcome="Passed" testListId="8c84fa94-04c1-424b-9868-57a2d4851a1d" relativeResultsDirectory="2cb483da-8728-4199-8dc8-bc3bf9de7b34" />
    <UnitTestResult executionId="a6eaad00-8111-414c-ac2e-63bc0e317f5c" testId="86f22c4a-cc9f-2423-192a-de0263aac584" testName="FastFsm.Tests.Features.Payload.PayloadVariantTestsLegacy.ComplexScenario_ChainedTransitionsWithPayloads" computerName="Cray" duration="00:00:00.0012575" startTime="2025-09-10T08:36:49.5628852+01:00" endTime="2025-09-10T08:36:49.5630630+01:00" testType="13cdc9d9-ddb5-4fa4-a97d-d965ccfc6d4b" outcome="Passed" testListId="8c84fa94-04c1-424b-9868-57a2d4851a1d" relativeResultsDirectory="a6eaad00-8111-414c-ac2e-63bc0e317f5c" />
    <UnitTestResult executionId="6b1786df-23a0-4579-a63b-7856047086a2" testId="64360bb0-68e5-4ba6-ba34-de4489cef966" testName="FastFsm.Tests.Features.Payload.PayloadVariantTestsLegacy.FireMethod_WithWrongPayloadType_ThrowsInMultiPayloadVariant" computerName="Cray" duration="00:00:00.0022458" startTime="2025-09-10T08:36:49.5510904+01:00" endTime="2025-09-10T08:36:49.5516928+01:00" testType="13cdc9d9-ddb5-4fa4-a97d-d965ccfc6d4b" outcome="Passed" testListId="8c84fa94-04c1-424b-9868-57a2d4851a1d" relativeResultsDirectory="6b1786df-23a0-4579-a63b-7856047086a2" />
    <UnitTestResult executionId="5bf813d2-0e95-4d4f-954f-43238b90c4cc" testId="0b682c83-8faf-91e8-0c5d-b11e9fa5147e" testName="FastFsm.Tests.Features.Hsm.Runtime.HsmIsInHierarchyTestsFluentV2.IsInHierarchy_ReturnsFalseForInvalidStatesFluentV2" computerName="Cray" duration="00:00:00.0002521" startTime="2025-09-10T08:36:49.5111537+01:00" endTime="2025-09-10T08:36:49.5111898+01:00" testType="13cdc9d9-ddb5-4fa4-a97d-d965ccfc6d4b" outcome="Passed" testListId="8c84fa94-04c1-424b-9868-57a2d4851a1d" relativeResultsDirectory="5bf813d2-0e95-4d4f-954f-43238b90c4cc" />
    <UnitTestResult executionId="e6d930fe-fcc0-43d5-8857-00be7d5b3283" testId="0c7ed1b3-1203-a609-bd07-2d3cf15da56d" testName="FastFsm.Tests.Features.Core.EnumParityTests.Triggers_HaveFullParity(machineName: &quot;LongName&quot;, machine: MachineInfo { FluentStateType = typeof(FastFsm.Tests.Features.EdgeCases.NameCollisionTests+LongNameState), FluentTriggerType = typeof(FastFsm.Tests.Features.EdgeCases.NameCollisionTests+LongNameTrigger), IsComplete = True, LegacyStateType = typeof(FastFsm.Tests.Features.EdgeCases.NameCollisionTests+LongNameState), LegacyTriggerType = typeof(FastFsm.Tests.Features.EdgeCases.NameCollisionTests+LongNameTrigger), ··· })" computerName="Cray" duration="00:00:00.0071938" startTime="2025-09-10T08:36:49.5411751+01:00" endTime="2025-09-10T08:36:49.5427971+01:00" testType="13cdc9d9-ddb5-4fa4-a97d-d965ccfc6d4b" outcome="Passed" testListId="8c84fa94-04c1-424b-9868-57a2d4851a1d" relativeResultsDirectory="e6d930fe-fcc0-43d5-8857-00be7d5b3283">
      <Output>
        <StdOut>=== Enum Parity Report for LongName ===
Fluent Type: LongNameTrigger
Legacy Type: LongNameTrigger

✅ Full parity achieved!</StdOut>
      </Output>
    </UnitTestResult>
    <UnitTestResult executionId="8560dff3-a5aa-4ea6-87be-d1121bc170b5" testId="2f4eda7a-5f42-435c-2c51-2feca99b0008" testName="FastFsm.Tests.Features.Core.CoreMinimalTestsRefactored.Core_InvalidTransition_ReturnsFalse(apiType: Fluent)" computerName="Cray" duration="00:00:00.0005058" startTime="2025-09-10T08:36:49.4489532+01:00" endTime="2025-09-10T08:36:49.4489937+01:00" testType="13cdc9d9-ddb5-4fa4-a97d-d965ccfc6d4b" outcome="Passed" testListId="8c84fa94-04c1-424b-9868-57a2d4851a1d" relativeResultsDirectory="8560dff3-a5aa-4ea6-87be-d1121bc170b5" />
    <UnitTestResult executionId="b565674a-42dd-455b-b7d9-6a6d75f56c65" testId="e859342f-6f61-0809-30e3-403cbcdfe2a9" testName="FastFsm.Tests.Features.Core.EnumParityTests.States_HaveFullParity(machineName: &quot;KeywordState&quot;, machine: MachineInfo { FluentStateType = typeof(FastFsm.Tests.Features.EdgeCases.NameCollisionTests+KeywordState), FluentTriggerType = typeof(FastFsm.Tests.Features.EdgeCases.NameCollisionTests+KeywordTrigger), IsComplete = True, LegacyStateType = typeof(FastFsm.Tests.Features.EdgeCases.NameCollisionTests+KeywordState), LegacyTriggerType = typeof(FastFsm.Tests.Features.EdgeCases.NameCollisionTests+KeywordTrigger), ··· })" computerName="Cray" duration="00:00:00.0013498" startTime="2025-09-10T08:36:49.5630418+01:00" endTime="2025-09-10T08:36:49.5634333+01:00" testType="13cdc9d9-ddb5-4fa4-a97d-d965ccfc6d4b" outcome="Passed" testListId="8c84fa94-04c1-424b-9868-57a2d4851a1d" relativeResultsDirectory="b565674a-42dd-455b-b7d9-6a6d75f56c65">
      <Output>
        <StdOut>=== Enum Parity Report for KeywordState ===
Fluent Type: KeywordState
Legacy Type: KeywordState

✅ Full parity achieved!</StdOut>
      </Output>
    </UnitTestResult>
    <UnitTestResult executionId="d601d7ac-d9b1-4ca3-868b-2ef79c2a419f" testId="a8bd7f6c-2632-fe15-5852-80637ee6dfa7" testName="FastFsm.Tests.Features.Hsm.Runtime.InheritanceTestsFluent.IsInHierarchy_Reports_CorrectlyFluent" computerName="Cray" duration="00:00:00.0061713" startTime="2025-09-10T08:36:49.4375593+01:00" endTime="2025-09-10T08:36:49.4377124+01:00" testType="13cdc9d9-ddb5-4fa4-a97d-d965ccfc6d4b" outcome="Passed" testListId="8c84fa94-04c1-424b-9868-57a2d4851a1d" relativeResultsDirectory="d601d7ac-d9b1-4ca3-868b-2ef79c2a419f" />
    <UnitTestResult executionId="0022a5d1-ecec-476b-9a73-70656da8e6e5" testId="3353a1f4-a7ee-6373-9ca1-68f7e6ef6111" testName="FastFsm.Tests.Features.Core.CoreMinimalTestsRefactored.Core_Fire_ThrowsOnInvalidTransition(apiType: Legacy)" computerName="Cray" duration="00:00:00.0029185" startTime="2025-09-10T08:36:49.4478783+01:00" endTime="2025-09-10T08:36:49.4481725+01:00" testType="13cdc9d9-ddb5-4fa4-a97d-d965ccfc6d4b" outcome="Passed" testListId="8c84fa94-04c1-424b-9868-57a2d4851a1d" relativeResultsDirectory="0022a5d1-ecec-476b-9a73-70656da8e6e5" />
    <UnitTestResult executionId="6f3bafea-9afd-4996-9c94-9e8728fc300b" testId="0b636c5f-dd91-2ef9-0759-eae0bfcd3a91" testName="FastFsm.Tests.Features.Payload.PayloadVariantTestsLegacy.SinglePayloadType_OnEntryWithPayload_ReceivesTransitionData" computerName="Cray" duration="00:00:00.0012833" startTime="2025-09-10T08:36:49.5607529+01:00" endTime="2025-09-10T08:36:49.5613882+01:00" testType="13cdc9d9-ddb5-4fa4-a97d-d965ccfc6d4b" outcome="Passed" testListId="8c84fa94-04c1-424b-9868-57a2d4851a1d" relativeResultsDirectory="6f3bafea-9afd-4996-9c94-9e8728fc300b" />
    <UnitTestResult executionId="a1f9bde8-c8e0-4462-b00e-ea0ec7c8d70b" testId="1a0c5ff3-16d4-85c2-3d72-5462860335d5" testName="FastFsm.Tests.Features.Parity.DualApiMatrixTests.Machine_BasicOperations_WorkOnBothApis(machineName: &quot;CoreBenchmark&quot;, apiType: Fluent)" computerName="Cray" duration="00:00:00.0000603" startTime="2025-09-10T08:36:49.4742117+01:00" endTime="2025-09-10T08:36:49.4743027+01:00" testType="13cdc9d9-ddb5-4fa4-a97d-d965ccfc6d4b" outcome="Failed" testListId="8c84fa94-04c1-424b-9868-57a2d4851a1d" relativeResultsDirectory="a1f9bde8-c8e0-4462-b00e-ea0ec7c8d70b">
      <Output>
        <StdOut>❌ CoreBenchmark (Fluent): Value cannot be null. (Parameter 'value')</StdOut>
        <ErrorInfo>
          <Message>System.ArgumentNullException : Value cannot be null. (Parameter 'value')</Message>
          <StackTrace>   at System.Enum.Parse(Type enumType, String value, Boolean ignoreCase)
   at FastFsm.Tests.TestHelpers.CoreBenchmarkFluentWrapper..ctor(String initialStateName) in /home/lukasz/FastFsm/FastFsm.Tests/TestHelpers/CoreBenchmarkWrappers.cs:line 20
   at FastFsm.Tests.TestHelpers.MachineRegistry.&lt;&gt;c.&lt;.cctor&gt;b__2_0(ApiType api, String state) in /home/lukasz/FastFsm/FastFsm.Tests/TestHelpers/MachineRegistry.cs:line 36
   at FastFsm.Tests.Features.Parity.DualApiMatrixTests.Machine_BasicOperations_WorkOnBothApis(String machineName, ApiType apiType) in /home/lukasz/FastFsm/FastFsm.Tests/Features/Parity/DualApiMatrixTests.cs:line 46
   at InvokeStub_DualApiMatrixTests.Machine_BasicOperations_WorkOnBothApis(Object, Span`1)
   at System.Reflection.MethodBaseInvoker.InvokeWithFewArgs(Object obj, BindingFlags invokeAttr, Binder binder, Object[] parameters, CultureInfo culture)</StackTrace>
        </ErrorInfo>
      </Output>
    </UnitTestResult>
    <UnitTestResult executionId="1e56cd9d-f00e-4fd4-82fa-7dbfc5da0e95" testId="e859342f-6f61-0809-30e3-403cbcdfe2a9" testName="FastFsm.Tests.Features.Core.EnumParityTests.States_HaveFullParity(machineName: &quot;Numeric&quot;, machine: MachineInfo { FluentStateType = typeof(FastFsm.Tests.Features.EdgeCases.NameCollisionTests+NumericState), FluentTriggerType = typeof(FastFsm.Tests.Features.EdgeCases.NameCollisionTests+NumericTrigger), IsComplete = True, LegacyStateType = typeof(FastFsm.Tests.Features.EdgeCases.NameCollisionTests+NumericState), LegacyTriggerType = typeof(FastFsm.Tests.Features.EdgeCases.NameCollisionTests+NumericTrigger), ··· })" computerName="Cray" duration="00:00:00.0011574" startTime="2025-09-10T08:36:49.5644557+01:00" endTime="2025-09-10T08:36:49.5647394+01:00" testType="13cdc9d9-ddb5-4fa4-a97d-d965ccfc6d4b" outcome="Passed" testListId="8c84fa94-04c1-424b-9868-57a2d4851a1d" relativeResultsDirectory="1e56cd9d-f00e-4fd4-82fa-7dbfc5da0e95">
      <Output>
        <StdOut>=== Enum Parity Report for Numeric ===
Fluent Type: NumericState
Legacy Type: NumericState

✅ Full parity achieved!</StdOut>
      </Output>
    </UnitTestResult>
    <UnitTestResult executionId="58db7ed3-38f5-492c-b4f6-84b5cde4b1b6" testId="2bba56d6-0ab8-21dd-662b-26e3cec0926a" testName="FastFsm.Tests.Features.Hsm.Runtime.InheritanceAndIntrospectionTests.Child_Inherits_Parent_Transitions_And_PermittedTriggers_Unions" computerName="Cray" duration="00:00:00.0161850" startTime="2025-09-10T08:36:49.4423817+01:00" endTime="2025-09-10T08:36:49.4498445+01:00" testType="13cdc9d9-ddb5-4fa4-a97d-d965ccfc6d4b" outcome="Passed" testListId="8c84fa94-04c1-424b-9868-57a2d4851a1d" relativeResultsDirectory="58db7ed3-38f5-492c-b4f6-84b5cde4b1b6" />
    <UnitTestResult executionId="d6db110a-6a00-4162-9d1e-f174425da6e3" testId="a4191e2a-96a9-0c87-d20f-339d86bb7092" testName="FastFsm.Tests.Features.Exceptions.ExceptionHandlingTests.Extension_Exception_DoesNot_Break_Transition" computerName="Cray" duration="00:00:00.0138987" startTime="2025-09-10T08:36:49.4406007+01:00" endTime="2025-09-10T08:36:49.4454722+01:00" testType="13cdc9d9-ddb5-4fa4-a97d-d965ccfc6d4b" outcome="Passed" testListId="8c84fa94-04c1-424b-9868-57a2d4851a1d" relativeResultsDirectory="d6db110a-6a00-4162-9d1e-f174425da6e3" />
    <UnitTestResult executionId="85fc777f-0cd5-49dc-9b09-89fb146abdf8" testId="1588caf3-f20b-6edf-70dc-6e50efb9a2c5" testName="FastFsm.Tests.Features.Extensions.ExtensionsStandaloneTests.Extensions_FailedTransition_StillNotified" computerName="Cray" duration="00:00:00.0018601" startTime="2025-09-10T08:36:49.5036023+01:00" endTime="2025-09-10T08:36:49.5055958+01:00" testType="13cdc9d9-ddb5-4fa4-a97d-d965ccfc6d4b" outcome="Passed" testListId="8c84fa94-04c1-424b-9868-57a2d4851a1d" relativeResultsDirectory="85fc777f-0cd5-49dc-9b09-89fb146abdf8">
      <Output>
        <StdOut>After: StateMachineContext`2 - Success: False</StdOut>
      </Output>
    </UnitTestResult>
    <UnitTestResult executionId="3216fa88-9627-40ee-9543-adafff477d7e" testId="c614ac78-c283-9f04-ad38-895e65e4c7b2" testName="FastFsm.Tests.Features.Extensions.ExtensionsStandaloneTests.Extensions_GuardNotifications_ReceiveCorrectInfo" computerName="Cray" duration="00:00:00.0013814" startTime="2025-09-10T08:36:49.5057336+01:00" endTime="2025-09-10T08:36:49.5066579+01:00" testType="13cdc9d9-ddb5-4fa4-a97d-d965ccfc6d4b" outcome="Passed" testListId="8c84fa94-04c1-424b-9868-57a2d4851a1d" relativeResultsDirectory="3216fa88-9627-40ee-9543-adafff477d7e" />
    <UnitTestResult executionId="19b76f04-8f9b-44fe-9054-0a03fc50e5eb" testId="abd75e2c-9365-cd76-e55e-50097490a8e6" testName="FastFsm.Tests.Features.Exceptions.ExceptionDirective_Continue_Action_Tests.ActionThrow_Continue_Swallows_StateChanged" computerName="Cray" duration="00:00:00.0009749" startTime="2025-09-10T08:36:49.4672984+01:00" endTime="2025-09-10T08:36:49.4687902+01:00" testType="13cdc9d9-ddb5-4fa4-a97d-d965ccfc6d4b" outcome="Passed" testListId="8c84fa94-04c1-424b-9868-57a2d4851a1d" relativeResultsDirectory="19b76f04-8f9b-44fe-9054-0a03fc50e5eb" />
    <UnitTestResult executionId="da3a9917-2636-4786-bb69-a73bff558a1c" testId="6f8fb879-2575-df09-e398-d21add878374" testName="FastFsm.Tests.Features.EdgeCases.NameCollisionTestsLegacy.Legacy_NumericPrefixedNames_HandledCorrectly" computerName="Cray" duration="00:00:00.0004744" startTime="2025-09-10T08:36:49.5384182+01:00" endTime="2025-09-10T08:36:49.5390918+01:00" testType="13cdc9d9-ddb5-4fa4-a97d-d965ccfc6d4b" outcome="Passed" testListId="8c84fa94-04c1-424b-9868-57a2d4851a1d" relativeResultsDirectory="da3a9917-2636-4786-bb69-a73bff558a1c" />
    <UnitTestResult executionId="8bacde9f-533e-4964-8281-a26dfd42bf50" testId="8bac891e-1680-dda9-521f-9df8012e55bc" testName="FastFsm.Tests.Features.Parity.DualApiMatrixTests.Machine_Capabilities_AreConsistent(machineName: &quot;GuardPermitted&quot;, apiType: Fluent)" computerName="Cray" duration="00:00:00.0001219" startTime="2025-09-10T08:36:49.4656441+01:00" endTime="2025-09-10T08:36:49.4660985+01:00" testType="13cdc9d9-ddb5-4fa4-a97d-d965ccfc6d4b" outcome="Failed" testListId="8c84fa94-04c1-424b-9868-57a2d4851a1d" relativeResultsDirectory="8bacde9f-533e-4964-8281-a26dfd42bf50">
      <Output>
        <ErrorInfo>
          <Message>System.ArgumentNullException : Value cannot be null. (Parameter 'key')</Message>
          <StackTrace>   at System.Collections.Generic.Dictionary`2.FindValue(TKey key)
   at System.Collections.Generic.Dictionary`2.TryGetValue(TKey key, TValue&amp; value)
   at FastFsm.Tests.TestHelpers.EnumConverter.ConvertEnum(Type targetType, String name) in /home/lukasz/FastFsm/FastFsm.Tests/TestHelpers/EnumConverter.cs:line 44
   at FastFsm.Tests.TestHelpers.GuardPermittedFluentWrapper..ctor(String initialStateName) in /home/lukasz/FastFsm/FastFsm.Tests/TestHelpers/GuardPermittedWrappers.cs:line 19
   at FastFsm.Tests.TestHelpers.MachineRegistry.&lt;&gt;c.&lt;.cctor&gt;b__2_1(ApiType api, String state) in /home/lukasz/FastFsm/FastFsm.Tests/TestHelpers/MachineRegistry.cs:line 44
   at FastFsm.Tests.Features.Parity.DualApiMatrixTests.Machine_Capabilities_AreConsistent(String machineName, ApiType apiType) in /home/lukasz/FastFsm/FastFsm.Tests/Features/Parity/DualApiMatrixTests.cs:line 224
   at InvokeStub_DualApiMatrixTests.Machine_Capabilities_AreConsistent(Object, Span`1)
   at System.Reflection.MethodBaseInvoker.InvokeWithFewArgs(Object obj, BindingFlags invokeAttr, Binder binder, Object[] parameters, CultureInfo culture)</StackTrace>
        </ErrorInfo>
      </Output>
    </UnitTestResult>
    <UnitTestResult executionId="1697b81c-e5e2-4b13-9cb3-25034873b30f" testId="6352d461-e94d-2b2d-a9d5-ed18d6a6bf2b" testName="FastFsm.Tests.Features.Exceptions.ExceptionDirective_Positions_TestsLegacy.OnException_AtEnd_Continue_Swallows" computerName="Cray" duration="00:00:00.0035712" startTime="2025-09-10T08:36:49.5257521+01:00" endTime="2025-09-10T08:36:49.5268572+01:00" testType="13cdc9d9-ddb5-4fa4-a97d-d965ccfc6d4b" outcome="Passed" testListId="8c84fa94-04c1-424b-9868-57a2d4851a1d" relativeResultsDirectory="1697b81c-e5e2-4b13-9cb3-25034873b30f" />
    <UnitTestResult executionId="4089c542-6ceb-4ce2-97eb-5d8372a3248b" testId="df1f6dcf-d50e-d8f1-d88b-27b44d655106" testName="FastFsm.Tests.Features.EdgeCases.EmptyMachineTests.StateMachine_WithUnreachableStates_ShouldStillFunction" computerName="Cray" duration="00:00:00.0285282" startTime="2025-09-10T08:36:49.4207693+01:00" endTime="2025-09-10T08:36:49.4434418+01:00" testType="13cdc9d9-ddb5-4fa4-a97d-d965ccfc6d4b" outcome="Passed" testListId="8c84fa94-04c1-424b-9868-57a2d4851a1d" relativeResultsDirectory="4089c542-6ceb-4ce2-97eb-5d8372a3248b" />
    <UnitTestResult executionId="6c18b0c3-7c20-4a09-a537-6def41c85a2d" testId="ad23818a-3771-2a27-df2d-4c479c623fff" testName="FastFsm.Tests.Features.Core.CoreMinimalTests.Core_MinimalMemoryFootprint(apiType: Fluent)" computerName="Cray" duration="00:00:00.0056317" startTime="2025-09-10T08:36:49.5434911+01:00" endTime="2025-09-10T08:36:49.5450090+01:00" testType="13cdc9d9-ddb5-4fa4-a97d-d965ccfc6d4b" outcome="Passed" testListId="8c84fa94-04c1-424b-9868-57a2d4851a1d" relativeResultsDirectory="6c18b0c3-7c20-4a09-a537-6def41c85a2d" />
    <UnitTestResult executionId="2adcdcea-fe30-4917-9d72-2275584e9310" testId="3a7c265c-c7a1-6df5-5b8e-c3d60b0ad7a9" testName="FastFsm.Tests.Features.Hsm.Runtime.HsmIsInHierarchyTests.IsInHierarchy_ReturnsFalseForInvalidStates" computerName="Cray" duration="00:00:00.0000692" startTime="2025-09-10T08:36:49.4924851+01:00" endTime="2025-09-10T08:36:49.4925666+01:00" testType="13cdc9d9-ddb5-4fa4-a97d-d965ccfc6d4b" outcome="Passed" testListId="8c84fa94-04c1-424b-9868-57a2d4851a1d" relativeResultsDirectory="2adcdcea-fe30-4917-9d72-2275584e9310" />
    <UnitTestResult executionId="df29521f-5700-4561-96f1-b87cd662b8cc" testId="0a50004f-adc0-fea5-2d3c-e2df81f435b4" testName="FastFsm.Tests.Features.Hsm.Runtime.HsmIsInHierarchyTests.IsInHierarchy_WorksAfterTransitionsWithinHierarchy" computerName="Cray" duration="00:00:00.0236847" startTime="2025-09-10T08:36:49.4760137+01:00" endTime="2025-09-10T08:36:49.4922368+01:00" testType="13cdc9d9-ddb5-4fa4-a97d-d965ccfc6d4b" outcome="Passed" testListId="8c84fa94-04c1-424b-9868-57a2d4851a1d" relativeResultsDirectory="df29521f-5700-4561-96f1-b87cd662b8cc" />
    <UnitTestResult executionId="ba1dc665-2718-408e-bb1b-3fea4e0c1afc" testId="82eab9ea-a1d1-270e-b1ad-98551b0ab28c" testName="FastFsm.Tests.FluentAPIComparisonTests.ExceptionCallback_AttributeVsFluentAPI_ExceptionHandlingShouldBeIdentical" computerName="Cray" duration="00:00:00.0065783" startTime="2025-09-10T08:36:49.5470021+01:00" endTime="2025-09-10T08:36:49.5511767+01:00" testType="13cdc9d9-ddb5-4fa4-a97d-d965ccfc6d4b" outcome="Passed" testListId="8c84fa94-04c1-424b-9868-57a2d4851a1d" relativeResultsDirectory="ba1dc665-2718-408e-bb1b-3fea4e0c1afc" />
    <UnitTestResult executionId="eb1dbdc9-d94a-4b0f-b8ec-c59baf1e3d2b" testId="8357dc46-c19a-ed3e-b8a8-07a26eee1397" testName="FastFsm.Tests.Features.Hsm.CompileTime.HsmParsingCompilationTestsLegacy.ShallowHistoryMachineCanBeInstantiated" computerName="Cray" duration="00:00:00.0000324" startTime="2025-09-10T08:36:49.5130241+01:00" endTime="2025-09-10T08:36:49.5130638+01:00" testType="13cdc9d9-ddb5-4fa4-a97d-d965ccfc6d4b" outcome="Passed" testListId="8c84fa94-04c1-424b-9868-57a2d4851a1d" relativeResultsDirectory="eb1dbdc9-d94a-4b0f-b8ec-c59baf1e3d2b" />
    <UnitTestResult executionId="76753a74-14f4-4eef-adc5-36e3a9d7d01c" testId="e859342f-6f61-0809-30e3-403cbcdfe2a9" testName="FastFsm.Tests.Features.Core.EnumParityTests.States_HaveFullParity(machineName: &quot;Unreachable&quot;, machine: MachineInfo { FluentStateType = typeof(FastFsm.Tests.Features.EdgeCases.EmptyMachineTests+UnreachableState), FluentTriggerType = typeof(FastFsm.Tests.Features.EdgeCases.EmptyMachineTests+UnreachableTrigger), IsComplete = True, LegacyStateType = typeof(FastFsm.Tests.Features.EdgeCases.EmptyMachineTests+UnreachableState), LegacyTriggerType = typeof(FastFsm.Tests.Features.EdgeCases.EmptyMachineTests+UnreachableTrigger), ··· })" computerName="Cray" duration="00:00:00.0012937" startTime="2025-09-10T08:36:49.5654208+01:00" endTime="2025-09-10T08:36:49.5656605+01:00" testType="13cdc9d9-ddb5-4fa4-a97d-d965ccfc6d4b" outcome="Passed" testListId="8c84fa94-04c1-424b-9868-57a2d4851a1d" relativeResultsDirectory="76753a74-14f4-4eef-adc5-36e3a9d7d01c">
      <Output>
        <StdOut>=== Enum Parity Report for Unreachable ===
Fluent Type: UnreachableState
Legacy Type: UnreachableState

✅ Full parity achieved!</StdOut>
      </Output>
    </UnitTestResult>
    <UnitTestResult executionId="15a2ab7d-4c9c-4ffe-b699-065348e83387" testId="072a0a12-ac70-0dc5-44d7-1ca1e410ef3f" testName="FastFsm.Tests.Features.Hsm.CompileTime.HsmAdditionalCompilationTestsLegacy.HierarchyFlagNoHierarchyMachine_Compiles" computerName="Cray" duration="00:00:00.0061900" startTime="2025-09-10T08:36:49.3648073+01:00" endTime="2025-09-10T08:36:49.3730516+01:00" testType="13cdc9d9-ddb5-4fa4-a97d-d965ccfc6d4b" outcome="Passed" testListId="8c84fa94-04c1-424b-9868-57a2d4851a1d" relativeResultsDirectory="15a2ab7d-4c9c-4ffe-b699-065348e83387" />
    <UnitTestResult executionId="98945254-827e-495b-9a30-0200b39603b1" testId="f4d5bf5e-7345-59a3-86d1-104905be54d7" testName="FastFsm.Tests.Features.Core.WrapperSmokeTests.Machine_CanStartAndCheckTriggers(machineName: &quot;CoreBenchmark&quot;, apiType: Fluent)" computerName="Cray" duration="00:00:00.0001740" startTime="2025-09-10T08:36:49.5093456+01:00" endTime="2025-09-10T08:36:49.5095163+01:00" testType="13cdc9d9-ddb5-4fa4-a97d-d965ccfc6d4b" outcome="Passed" testListId="8c84fa94-04c1-424b-9868-57a2d4851a1d" relativeResultsDirectory="98945254-827e-495b-9a30-0200b39603b1">
      <Output>
        <StdOut>✅ CoreBenchmark (Fluent): Started with state A
   Permitted triggers: Next
   CanFire(Next): True
   TryFire(Next): True
   New state: B</StdOut>
      </Output>
    </UnitTestResult>
    <UnitTestResult executionId="383afea9-744c-4be2-80a7-1b3186bda93a" testId="de22309d-03b3-85d2-26a6-420f0a8ac171" testName="FastFsm.Tests.Features.Payload.PayloadVariantTestsLegacy.InitialStateOnEntry_WithPayload_UsesParameterlessVersion" computerName="Cray" duration="00:00:00.0003683" startTime="2025-09-10T08:36:49.5595994+01:00" endTime="2025-09-10T08:36:49.5596228+01:00" testType="13cdc9d9-ddb5-4fa4-a97d-d965ccfc6d4b" outcome="Passed" testListId="8c84fa94-04c1-424b-9868-57a2d4851a1d" relativeResultsDirectory="383afea9-744c-4be2-80a7-1b3186bda93a" />
    <UnitTestResult executionId="5d4f2114-2379-43e2-8cc0-1f25c8de5d69" testId="971aaf7b-8aee-be8d-2c9a-abad2116fef2" testName="FastFsm.Tests.Features.Parity.DualApiMatrixTests.Machine_BasicOperations_WorkOnBothApis(machineName: &quot;CoreBenchmark&quot;, apiType: Legacy)" computerName="Cray" duration="00:00:00.0000386" startTime="2025-09-10T08:36:49.4758353+01:00" endTime="2025-09-10T08:36:49.4771382+01:00" testType="13cdc9d9-ddb5-4fa4-a97d-d965ccfc6d4b" outcome="Failed" testListId="8c84fa94-04c1-424b-9868-57a2d4851a1d" relativeResultsDirectory="5d4f2114-2379-43e2-8cc0-1f25c8de5d69">
      <Output>
        <StdOut>❌ CoreBenchmark (Legacy): Value cannot be null. (Parameter 'value')</StdOut>
        <ErrorInfo>
          <Message>System.ArgumentNullException : Value cannot be null. (Parameter 'value')</Message>
          <StackTrace>   at System.Enum.Parse(Type enumType, String value, Boolean ignoreCase)
   at FastFsm.Tests.TestHelpers.CoreBenchmarkLegacyWrapper..ctor(String initialStateName) in /home/lukasz/FastFsm/FastFsm.Tests/TestHelpers/CoreBenchmarkWrappers.cs:line 92
   at FastFsm.Tests.TestHelpers.MachineRegistry.&lt;&gt;c.&lt;.cctor&gt;b__2_0(ApiType api, String state) in /home/lukasz/FastFsm/FastFsm.Tests/TestHelpers/MachineRegistry.cs:line 36
   at FastFsm.Tests.Features.Parity.DualApiMatrixTests.Machine_BasicOperations_WorkOnBothApis(String machineName, ApiType apiType) in /home/lukasz/FastFsm/FastFsm.Tests/Features/Parity/DualApiMatrixTests.cs:line 46
   at InvokeStub_DualApiMatrixTests.Machine_BasicOperations_WorkOnBothApis(Object, Span`1)
   at System.Reflection.MethodBaseInvoker.InvokeWithFewArgs(Object obj, BindingFlags invokeAttr, Binder binder, Object[] parameters, CultureInfo culture)</StackTrace>
        </ErrorInfo>
      </Output>
    </UnitTestResult>
    <UnitTestResult executionId="4622d75c-2181-4bdd-97a5-3aaead8cc54a" testId="b57cf2e6-a281-dee8-13b1-02ee689fafd3" testName="FastFsm.Tests.Features.Extensions.ExtensionsPermittedTriggersTests.CanFire_DoesNot_Emit_Guard_Hooks" computerName="Cray" duration="00:00:00.0003342" startTime="2025-09-10T08:36:49.5635849+01:00" endTime="2025-09-10T08:36:49.5636063+01:00" testType="13cdc9d9-ddb5-4fa4-a97d-d965ccfc6d4b" outcome="Passed" testListId="8c84fa94-04c1-424b-9868-57a2d4851a1d" relativeResultsDirectory="4622d75c-2181-4bdd-97a5-3aaead8cc54a" />
    <UnitTestResult executionId="237c4a7c-e41c-4769-9fb3-743d8fe7e556" testId="65559383-bff0-c09e-63e1-fdbb25c528a9" testName="FastFsm.Tests.Features.Hsm.CompileTime.HsmParsingCompilationTestsLegacy.ComplexMixedScenarioMachineCanBeInstantiated" computerName="Cray" duration="00:00:00.0001415" startTime="2025-09-10T08:36:49.5105673+01:00" endTime="2025-09-10T08:36:49.5106014+01:00" testType="13cdc9d9-ddb5-4fa4-a97d-d965ccfc6d4b" outcome="Passed" testListId="8c84fa94-04c1-424b-9868-57a2d4851a1d" relativeResultsDirectory="237c4a7c-e41c-4769-9fb3-743d8fe7e556" />
    <UnitTestResult executionId="66f0826b-8420-4abc-9ec3-a85b65a9f704" testId="1e1c3e75-1100-0919-d591-898b9e569fcd" testName="FastFsm.Tests.Features.EdgeCases.NameCollisionTests.VeryLongStateNames_HandledCorrectly" computerName="Cray" duration="00:00:00.0031616" startTime="2025-09-10T08:36:49.5326427+01:00" endTime="2025-09-10T08:36:49.5353580+01:00" testType="13cdc9d9-ddb5-4fa4-a97d-d965ccfc6d4b" outcome="Passed" testListId="8c84fa94-04c1-424b-9868-57a2d4851a1d" relativeResultsDirectory="66f0826b-8420-4abc-9ec3-a85b65a9f704" />
    <UnitTestResult executionId="4445e8e6-4317-428d-b328-c835021570a1" testId="f83daa9e-1d57-9bcc-75b4-742c429772e6" testName="FastFsm.Tests.Features.Core.CoreMinimalTestsRefactored.Core_BasicTransitions_WorkCorrectly(apiType: Fluent)" computerName="Cray" duration="00:00:00.0090747" startTime="2025-09-10T08:36:49.4379473+01:00" endTime="2025-09-10T08:36:49.4424085+01:00" testType="13cdc9d9-ddb5-4fa4-a97d-d965ccfc6d4b" outcome="Passed" testListId="8c84fa94-04c1-424b-9868-57a2d4851a1d" relativeResultsDirectory="4445e8e6-4317-428d-b328-c835021570a1" />
    <UnitTestResult executionId="9a4ca627-190f-42d0-8265-28a112bcad84" testId="c1a96929-3271-984a-afd7-f4c56f38f47d" testName="FastFsm.Tests.Features.Hsm.Runtime.InheritanceTestsFluent.Child_Inherits_Parent_Transitions_And_PermittedTriggers_UnionsFluent" computerName="Cray" duration="00:00:00.0272605" startTime="2025-09-10T08:36:49.3647885+01:00" endTime="2025-09-10T08:36:49.4374110+01:00" testType="13cdc9d9-ddb5-4fa4-a97d-d965ccfc6d4b" outcome="Passed" testListId="8c84fa94-04c1-424b-9868-57a2d4851a1d" relativeResultsDirectory="9a4ca627-190f-42d0-8265-28a112bcad84" />
    <UnitTestResult executionId="03c43c92-a230-43d9-95c4-9c88c312121b" testId="300658b4-8a99-be64-d622-c2db7f4dc7c5" testName="FastFsm.Tests.Features.Payload.PayloadVariantTestsFluent.ComplexScenario_ChainedTransitionsWithPayloads" computerName="Cray" duration="00:00:00.0078243" startTime="2025-09-10T08:36:49.5291990+01:00" endTime="2025-09-10T08:36:49.5359241+01:00" testType="13cdc9d9-ddb5-4fa4-a97d-d965ccfc6d4b" outcome="Passed" testListId="8c84fa94-04c1-424b-9868-57a2d4851a1d" relativeResultsDirectory="03c43c92-a230-43d9-95c4-9c88c312121b" />
    <UnitTestResult executionId="a98828c2-8d1f-4784-9f3b-5e05788ab8a8" testId="821635a8-0a68-2196-ada8-ad0e0945418f" testName="FastFsm.Tests.Features.Payload.PayloadVariantTestsLegacy.SinglePayloadType_GuardWithPayload_EvaluatesCorrectly" computerName="Cray" duration="00:00:00.0006097" startTime="2025-09-10T08:36:49.5542092+01:00" endTime="2025-09-10T08:36:49.5545180+01:00" testType="13cdc9d9-ddb5-4fa4-a97d-d965ccfc6d4b" outcome="Passed" testListId="8c84fa94-04c1-424b-9868-57a2d4851a1d" relativeResultsDirectory="a98828c2-8d1f-4784-9f3b-5e05788ab8a8" />
    <UnitTestResult executionId="908eee11-9d6b-4016-a523-223c65616fef" testId="a18d5453-4f88-c444-3f3c-29697dd6f8ea" testName="FastFsm.Tests.Features.Performance.BenchmarkTests.GuardEvaluation_PerformanceImpact_Improved" computerName="Cray" duration="00:00:00.7982958" startTime="2025-09-10T08:36:49.9197626+01:00" endTime="2025-09-10T08:36:50.7180861+01:00" testType="13cdc9d9-ddb5-4fa4-a97d-d965ccfc6d4b" outcome="Passed" testListId="8c84fa94-04c1-424b-9868-57a2d4851a1d" relativeResultsDirectory="908eee11-9d6b-4016-a523-223c65616fef">
      <Output>
        <StdOut>Guard Impact (10,000,000 transitions, median of 5 runs):
  No Guard: 56.97ms (5.7ns per transition)
  With Guard: 103.25ms (10.3ns per transition)
  Overhead: 81.2%
  Absolute difference: 4.6ns per transition</StdOut>
      </Output>
    </UnitTestResult>
    <UnitTestResult executionId="4ffe1a79-b984-407c-8db6-61c055801440" testId="b9b734af-7e4d-e233-2f43-5d3c0c7b2439" testName="FastFsm.Tests.Features.Hsm.Runtime.HsmIsInHierarchyTestsFluent.IsInHierarchy_TrueForParentAndSelf_FalseForOtherBranchesFluent" computerName="Cray" duration="00:00:00.0095059" startTime="2025-09-10T08:36:49.4412100+01:00" endTime="2025-09-10T08:36:49.4444839+01:00" testType="13cdc9d9-ddb5-4fa4-a97d-d965ccfc6d4b" outcome="Passed" testListId="8c84fa94-04c1-424b-9868-57a2d4851a1d" relativeResultsDirectory="4ffe1a79-b984-407c-8db6-61c055801440" />
    <UnitTestResult executionId="04ddfb05-3e83-4be3-aa73-84ffa52faa7a" testId="331c5641-f3c7-e6a9-0cdd-e2be9e69b7b9" testName="FastFsm.Tests.Features.Core.EnumParityTests.EnumConverter_ThrowsForInvalidMappings" computerName="Cray" duration="00:00:00.0035144" startTime="2025-09-10T08:36:49.5143335+01:00" endTime="2025-09-10T08:36:49.5156852+01:00" testType="13cdc9d9-ddb5-4fa4-a97d-d965ccfc6d4b" outcome="Passed" testListId="8c84fa94-04c1-424b-9868-57a2d4851a1d" relativeResultsDirectory="04ddfb05-3e83-4be3-aa73-84ffa52faa7a" />
    <UnitTestResult executionId="79d15d0d-8d54-4d18-b03e-d06513a2cc3f" testId="3324e2b5-9163-fb93-248d-26667ae81cd2" testName="FastFsm.Tests.Features.EdgeCases.NameCollisionTestsLegacy.Legacy_ReservedMethodNames_DontConflictWithGenerated" computerName="Cray" duration="00:00:00.0066027" startTime="2025-09-10T08:36:49.5431206+01:00" endTime="2025-09-10T08:36:49.5435212+01:00" testType="13cdc9d9-ddb5-4fa4-a97d-d965ccfc6d4b" outcome="Passed" testListId="8c84fa94-04c1-424b-9868-57a2d4851a1d" relativeResultsDirectory="79d15d0d-8d54-4d18-b03e-d06513a2cc3f" />
    <UnitTestResult executionId="b12e7280-fbfa-4cfd-9ddc-b20ae0e88666" testId="ea7e670b-afa2-465e-8731-4fa675d7e96a" testName="FastFsm.Tests.FluentAPISpecificTests.FluentAPI_ChainedConfiguration_ShouldMaintainContext" computerName="Cray" duration="00:00:00.0004558" startTime="2025-09-10T08:36:49.6748969+01:00" endTime="2025-09-10T08:36:49.6752760+01:00" testType="13cdc9d9-ddb5-4fa4-a97d-d965ccfc6d4b" outcome="Passed" testListId="8c84fa94-04c1-424b-9868-57a2d4851a1d" relativeResultsDirectory="b12e7280-fbfa-4cfd-9ddc-b20ae0e88666" />
    <UnitTestResult executionId="4bcda803-e44c-4c8d-8c20-084ad11952fb" testId="b8e0c3fc-ecff-3b16-b907-18fa2942362e" testName="FastFsm.Tests.Features.Integration.AllFeaturesExtendedTests.AllFeatures_ExtensionModifyingBehavior_ThroughContext" computerName="Cray" duration="00:00:00.0130906" startTime="2025-09-10T08:36:49.4454138+01:00" endTime="2025-09-10T08:36:49.4507829+01:00" testType="13cdc9d9-ddb5-4fa4-a97d-d965ccfc6d4b" outcome="Passed" testListId="8c84fa94-04c1-424b-9868-57a2d4851a1d" relativeResultsDirectory="4bcda803-e44c-4c8d-8c20-084ad11952fb" />
    <UnitTestResult executionId="71b09020-280e-4493-aee9-e446cab0ff95" testId="f78f8e29-40bf-90e0-d627-11b84179e28d" testName="FastFsm.Tests.Features.Hsm.Runtime.HsmIsInHierarchyTestsFluentV2.FluentV2_BasicTransitions_Work" computerName="Cray" duration="00:00:00.0024026" startTime="2025-09-10T08:36:49.5112546+01:00" endTime="2025-09-10T08:36:49.5135601+01:00" testType="13cdc9d9-ddb5-4fa4-a97d-d965ccfc6d4b" outcome="Passed" testListId="8c84fa94-04c1-424b-9868-57a2d4851a1d" relativeResultsDirectory="71b09020-280e-4493-aee9-e446cab0ff95" />
    <UnitTestResult executionId="dbd058c0-3a53-47dd-a27a-0b36b432ec2a" testId="e859342f-6f61-0809-30e3-403cbcdfe2a9" testName="FastFsm.Tests.Features.Core.EnumParityTests.States_HaveFullParity(machineName: &quot;NoGuardBenchmark&quot;, machine: MachineInfo { FluentStateType = typeof(FastFsm.Tests.Features.Performance.BenchmarkTests+BenchmarkState), FluentTriggerType = typeof(FastFsm.Tests.Features.Performance.BenchmarkTests+BenchmarkTrigger), IsComplete = True, LegacyStateType = typeof(FastFsm.Tests.Features.Performance.BenchmarkTestsLegacy+BenchmarkState), LegacyTriggerType = typeof(FastFsm.Tests.Features.Performance.BenchmarkTestsLegacy+BenchmarkTrigger), ··· })" computerName="Cray" duration="00:00:00.0000732" startTime="2025-09-10T08:36:49.5643994+01:00" endTime="2025-09-10T08:36:49.5644281+01:00" testType="13cdc9d9-ddb5-4fa4-a97d-d965ccfc6d4b" outcome="Passed" testListId="8c84fa94-04c1-424b-9868-57a2d4851a1d" relativeResultsDirectory="dbd058c0-3a53-47dd-a27a-0b36b432ec2a">
      <Output>
        <StdOut>=== Enum Parity Report for NoGuardBenchmark ===
Fluent Type: BenchmarkState
Legacy Type: BenchmarkState

✅ Full parity achieved!</StdOut>
      </Output>
    </UnitTestResult>
    <UnitTestResult executionId="c2e62191-3305-4707-9656-cf22b5c3c860" testId="b11aae3f-ef0f-b2ce-7a62-658a5e878ad7" testName="FastFsm.Tests.Features.Hsm.Runtime.ResolutionOrderTestsLegacy.HigherPriority_Wins_Even_If_Parent" computerName="Cray" duration="00:00:00.0066875" startTime="2025-09-10T08:36:49.5634961+01:00" endTime="2025-09-10T08:36:49.5652694+01:00" testType="13cdc9d9-ddb5-4fa4-a97d-d965ccfc6d4b" outcome="Passed" testListId="8c84fa94-04c1-424b-9868-57a2d4851a1d" relativeResultsDirectory="c2e62191-3305-4707-9656-cf22b5c3c860" />
    <UnitTestResult executionId="4f9ac932-923c-48a7-83a4-0f3b94fdfcaf" testId="ef7c965b-fca2-f171-9d5e-2a1bd11d6635" testName="FastFsm.Tests.Features.Hsm.CompileTime.HsmParsingCompilationTestsLegacy.AllHsmMachinesShouldCompile" computerName="Cray" duration="00:00:00.0000798" startTime="2025-09-10T08:36:49.5125334+01:00" endTime="2025-09-10T08:36:49.5125578+01:00" testType="13cdc9d9-ddb5-4fa4-a97d-d965ccfc6d4b" outcome="Passed" testListId="8c84fa94-04c1-424b-9868-57a2d4851a1d" relativeResultsDirectory="4f9ac932-923c-48a7-83a4-0f3b94fdfcaf" />
    <UnitTestResult executionId="9b3a7b37-b5a9-45dc-9a07-4a87262f8d3a" testId="79ddcbe7-f12e-65d7-88fe-4069bb872375" testName="FastFsm.Tests.Features.Exceptions.ExceptionDirective_Comparison_Tests.ExceptionContext_PropertiesCorrect" computerName="Cray" duration="00:00:00.0071167" startTime="2025-09-10T08:36:49.5535765+01:00" endTime="2025-09-10T08:36:49.5610123+01:00" testType="13cdc9d9-ddb5-4fa4-a97d-d965ccfc6d4b" outcome="Passed" testListId="8c84fa94-04c1-424b-9868-57a2d4851a1d" relativeResultsDirectory="9b3a7b37-b5a9-45dc-9a07-4a87262f8d3a" />
    <UnitTestResult executionId="f8fc9436-9d7b-41ae-8c6b-48ea3de18d5e" testId="eac0a03c-a401-1bec-8ceb-396333f6f25e" testName="FastFsm.Tests.Features.Core.StateCallbackTests.InitialState_OnEntry_IsCalledInConstructor" computerName="Cray" duration="00:00:00.0002364" startTime="2025-09-10T08:36:49.5604202+01:00" endTime="2025-09-10T08:36:49.5605354+01:00" testType="13cdc9d9-ddb5-4fa4-a97d-d965ccfc6d4b" outcome="Passed" testListId="8c84fa94-04c1-424b-9868-57a2d4851a1d" relativeResultsDirectory="f8fc9436-9d7b-41ae-8c6b-48ea3de18d5e" />
    <UnitTestResult executionId="aefa9369-cbad-47f3-8baa-833bfa899081" testId="f8201de5-f909-a153-b2af-1fdde18be7fa" testName="FastFsm.Tests.Features.Parity.DualApiMatrixTests.Machine_Capabilities_AreConsistent(machineName: &quot;CoreBenchmark&quot;, apiType: Fluent)" computerName="Cray" duration="00:00:00.0000537" startTime="2025-09-10T08:36:49.4666130+01:00" endTime="2025-09-10T08:36:49.4666775+01:00" testType="13cdc9d9-ddb5-4fa4-a97d-d965ccfc6d4b" outcome="Failed" testListId="8c84fa94-04c1-424b-9868-57a2d4851a1d" relativeResultsDirectory="aefa9369-cbad-47f3-8baa-833bfa899081">
      <Output>
        <ErrorInfo>
          <Message>System.ArgumentNullException : Value cannot be null. (Parameter 'value')</Message>
          <StackTrace>   at System.Enum.Parse(Type enumType, String value, Boolean ignoreCase)
   at FastFsm.Tests.TestHelpers.CoreBenchmarkFluentWrapper..ctor(String initialStateName) in /home/lukasz/FastFsm/FastFsm.Tests/TestHelpers/CoreBenchmarkWrappers.cs:line 20
   at FastFsm.Tests.TestHelpers.MachineRegistry.&lt;&gt;c.&lt;.cctor&gt;b__2_0(ApiType api, String state) in /home/lukasz/FastFsm/FastFsm.Tests/TestHelpers/MachineRegistry.cs:line 36
   at FastFsm.Tests.Features.Parity.DualApiMatrixTests.Machine_Capabilities_AreConsistent(String machineName, ApiType apiType) in /home/lukasz/FastFsm/FastFsm.Tests/Features/Parity/DualApiMatrixTests.cs:line 224
   at InvokeStub_DualApiMatrixTests.Machine_Capabilities_AreConsistent(Object, Span`1)
   at System.Reflection.MethodBaseInvoker.InvokeWithFewArgs(Object obj, BindingFlags invokeAttr, Binder binder, Object[] parameters, CultureInfo culture)</StackTrace>
        </ErrorInfo>
      </Output>
    </UnitTestResult>
    <UnitTestResult executionId="6a05203d-3ed5-4229-8e70-c576fb589ce8" testId="2bbddb33-4678-a5e8-1529-7632dd42f7f8" testName="FastFsm.Tests.Features.Extensions.ExtensionsPermittedTriggersTests.GetPermittedTriggers_DoesNot_Emit_Guard_Hooks" computerName="Cray" duration="00:00:00.0091940" startTime="2025-09-10T08:36:49.5636701+01:00" endTime="2025-09-10T08:36:49.5661423+01:00" testType="13cdc9d9-ddb5-4fa4-a97d-d965ccfc6d4b" outcome="Passed" testListId="8c84fa94-04c1-424b-9868-57a2d4851a1d" relativeResultsDirectory="6a05203d-3ed5-4229-8e70-c576fb589ce8" />
    <UnitTestResult executionId="2c19d07f-58b6-414a-964b-019cd2ef3a9d" testId="248bd67b-90d9-da16-8f19-86cc7569f99e" testName="FastFsm.Tests.Features.Core.StateCallbackTestsLegacy.Legacy_OnEntryOnExit_ExecutionOrder_IsCorrect" computerName="Cray" duration="00:00:00.0012179" startTime="2025-09-10T08:36:49.5624032+01:00" endTime="2025-09-10T08:36:49.5629058+01:00" testType="13cdc9d9-ddb5-4fa4-a97d-d965ccfc6d4b" outcome="Passed" testListId="8c84fa94-04c1-424b-9868-57a2d4851a1d" relativeResultsDirectory="2c19d07f-58b6-414a-964b-019cd2ef3a9d" />
    <UnitTestResult executionId="e461999c-9048-4a65-b6a5-549ca854138d" testId="0fcb23a8-f239-bce7-4e26-e1262d4e316f" testName="FastFsm.Tests.Features.Payload.PayloadVariantTestsFluent.PayloadOverloading_BothParameterlessAndPayloadMethods_CalledCorrectly" computerName="Cray" duration="00:00:00.0072885" startTime="2025-09-10T08:36:49.5247291+01:00" endTime="2025-09-10T08:36:49.5258243+01:00" testType="13cdc9d9-ddb5-4fa4-a97d-d965ccfc6d4b" outcome="Passed" testListId="8c84fa94-04c1-424b-9868-57a2d4851a1d" relativeResultsDirectory="e461999c-9048-4a65-b6a5-549ca854138d" />
    <UnitTestResult executionId="13cf07ab-c39b-4fd3-a827-c3e203dfb7bc" testId="da5106f8-6453-87e0-4f31-d25ef01b3678" testName="FastFsm.Tests.Features.Core.StateCallbackTests.OnEntryOnExit_ExecutionOrder_IsCorrect" computerName="Cray" duration="00:00:00.0021410" startTime="2025-09-10T08:36:49.5522969+01:00" endTime="2025-09-10T08:36:49.5542747+01:00" testType="13cdc9d9-ddb5-4fa4-a97d-d965ccfc6d4b" outcome="Passed" testListId="8c84fa94-04c1-424b-9868-57a2d4851a1d" relativeResultsDirectory="13cf07ab-c39b-4fd3-a827-c3e203dfb7bc" />
    <UnitTestResult executionId="9df494d9-c451-45e8-8d80-b2a1f9c71f99" testId="b98b2544-9fbb-aa91-768b-d0c446a76475" testName="FastFsm.Tests.Features.Payload.PayloadVariantTestsFluent.SinglePayloadType_OnEntryWithPayload_ReceivesTransitionData" computerName="Cray" duration="00:00:00.0037528" startTime="2025-09-10T08:36:49.5361327+01:00" endTime="2025-09-10T08:36:49.5399069+01:00" testType="13cdc9d9-ddb5-4fa4-a97d-d965ccfc6d4b" outcome="Passed" testListId="8c84fa94-04c1-424b-9868-57a2d4851a1d" relativeResultsDirectory="9df494d9-c451-45e8-8d80-b2a1f9c71f99" />
    <UnitTestResult executionId="8a37b5f7-1d14-4cb8-a35a-514861aee9f0" testId="7d549fa9-45d2-0f80-c301-92e8d85a0231" testName="FastFsm.Tests.Features.Hsm.Runtime.ShallowHistoryTestsLegacy.Reentering_Parent_With_ShallowHistory_Restores_LastChild" computerName="Cray" duration="00:00:00.0153710" startTime="2025-09-10T08:36:49.5433321+01:00" endTime="2025-09-10T08:36:49.5489765+01:00" testType="13cdc9d9-ddb5-4fa4-a97d-d965ccfc6d4b" outcome="Passed" testListId="8c84fa94-04c1-424b-9868-57a2d4851a1d" relativeResultsDirectory="8a37b5f7-1d14-4cb8-a35a-514861aee9f0" />
    <UnitTestResult executionId="71ed3ec4-c483-4085-9cdd-f4c385195b79" testId="c1dc788a-6a86-1e99-060b-ba5e9ad99ebc" testName="FastFsm.Tests.Features.Exceptions.ExceptionDirective_Continue_Action_TestsLegacy.ActionThrow_Continue_Swallows_StateChanged" computerName="Cray" duration="00:00:00.0131979" startTime="2025-09-10T08:36:49.4372472+01:00" endTime="2025-09-10T08:36:49.4407004+01:00" testType="13cdc9d9-ddb5-4fa4-a97d-d965ccfc6d4b" outcome="Passed" testListId="8c84fa94-04c1-424b-9868-57a2d4851a1d" relativeResultsDirectory="71ed3ec4-c483-4085-9cdd-f4c385195b79" />
    <UnitTestResult executionId="2fe65a52-deb3-479a-bb17-fd8e9381dba8" testId="0a913103-a84d-d7d4-78ee-2e0357fc9bf3" testName="FastFsm.Tests.Features.Core.StateCallbackTests.MultipleOnEntryOnExit_ForSameState_NotSupported" computerName="Cray" duration="00:00:00.0007582" startTime="2025-09-10T08:36:49.5389990+01:00" endTime="2025-09-10T08:36:49.5404214+01:00" testType="13cdc9d9-ddb5-4fa4-a97d-d965ccfc6d4b" outcome="Passed" testListId="8c84fa94-04c1-424b-9868-57a2d4851a1d" relativeResultsDirectory="2fe65a52-deb3-479a-bb17-fd8e9381dba8" />
    <UnitTestResult executionId="b76cacb1-4b39-4387-b07e-a0da8d5c2427" testId="99e1d719-d410-05fb-1fa4-f4ac73eb3bfc" testName="FastFsm.Tests.Features.Core.CoreMinimalTestsRefactored.Core_GetPermittedTriggers_ReturnsCorrectTriggers(apiType: Legacy)" computerName="Cray" duration="00:00:00.0114751" startTime="2025-09-10T08:36:49.4359373+01:00" endTime="2025-09-10T08:36:49.4378318+01:00" testType="13cdc9d9-ddb5-4fa4-a97d-d965ccfc6d4b" outcome="Passed" testListId="8c84fa94-04c1-424b-9868-57a2d4851a1d" relativeResultsDirectory="b76cacb1-4b39-4387-b07e-a0da8d5c2427" />
    <UnitTestResult executionId="b16adcd5-f462-4b90-9e6d-edeb4ffc488b" testId="e859342f-6f61-0809-30e3-403cbcdfe2a9" testName="FastFsm.Tests.Features.Core.EnumParityTests.States_HaveFullParity(machineName: &quot;SingleState&quot;, machine: MachineInfo { FluentStateType = typeof(FastFsm.Tests.Features.EdgeCases.EmptyMachineTests+SingleState), FluentTriggerType = typeof(FastFsm.Tests.Features.EdgeCases.EmptyMachineTests+SingleTrigger), IsComplete = True, LegacyStateType = typeof(FastFsm.Tests.Features.EdgeCases.EmptyMachineTests+SingleState), LegacyTriggerType = typeof(FastFsm.Tests.Features.EdgeCases.EmptyMachineTests+SingleTrigger), ··· })" computerName="Cray" duration="00:00:00.0009723" startTime="2025-09-10T08:36:49.5652466+01:00" endTime="2025-09-10T08:36:49.5653564+01:00" testType="13cdc9d9-ddb5-4fa4-a97d-d965ccfc6d4b" outcome="Passed" testListId="8c84fa94-04c1-424b-9868-57a2d4851a1d" relativeResultsDirectory="b16adcd5-f462-4b90-9e6d-edeb4ffc488b">
      <Output>
        <StdOut>=== Enum Parity Report for SingleState ===
Fluent Type: SingleState
Legacy Type: SingleState

✅ Full parity achieved!</StdOut>
      </Output>
    </UnitTestResult>
    <UnitTestResult executionId="5ed4284e-5fa1-4f7f-93c4-f88d50793fa9" testId="fcdabfcf-ab01-f5a7-6b9a-37661637f0c0" testName="FastFsm.Tests.Features.Hsm.Runtime.InheritanceAndIntrospectionTests.IsInHierarchy_Reports_Correctly" computerName="Cray" duration="00:00:00.0005530" startTime="2025-09-10T08:36:49.4500208+01:00" endTime="2025-09-10T08:36:49.4500662+01:00" testType="13cdc9d9-ddb5-4fa4-a97d-d965ccfc6d4b" outcome="Passed" testListId="8c84fa94-04c1-424b-9868-57a2d4851a1d" relativeResultsDirectory="5ed4284e-5fa1-4f7f-93c4-f88d50793fa9" />
    <UnitTestResult executionId="01f36109-5aa0-4fa8-8608-801aa03e99af" testId="a72dc034-de26-a69c-534f-9a5c0e54005e" testName="FastFsm.Tests.Features.Hsm.Runtime.DeepHistoryTestsFluent.DeepHistory_Restores_LeafPath_After_ReenteringFluent" computerName="Cray" duration="00:00:00.0063362" startTime="2025-09-10T08:36:49.5629775+01:00" endTime="2025-09-10T08:36:49.5647790+01:00" testType="13cdc9d9-ddb5-4fa4-a97d-d965ccfc6d4b" outcome="Passed" testListId="8c84fa94-04c1-424b-9868-57a2d4851a1d" relativeResultsDirectory="01f36109-5aa0-4fa8-8608-801aa03e99af" />
    <UnitTestResult executionId="8bed4418-0f0c-4c81-8c9f-5d0ab3d65cca" testId="5f053fb3-5326-e45e-903a-338d9a6f424e" testName="FastFsm.Tests.Features.Core.StateCallbackTestsLegacy.Legacy_InitialState_OnEntry_IsCalledInConstructor" computerName="Cray" duration="00:00:00.0005780" startTime="2025-09-10T08:36:49.5605205+01:00" endTime="2025-09-10T08:36:49.5606287+01:00" testType="13cdc9d9-ddb5-4fa4-a97d-d965ccfc6d4b" outcome="Passed" testListId="8c84fa94-04c1-424b-9868-57a2d4851a1d" relativeResultsDirectory="8bed4418-0f0c-4c81-8c9f-5d0ab3d65cca" />
    <UnitTestResult executionId="9a80027a-f95f-4cc7-a0a9-9102f3319e8a" testId="e159f850-1000-7136-deb5-ae8f856efca7" testName="FastFsm.Tests.FluentAPIComparisonTests.InitialStateMachine_AttributeVsFluentAPI_InitialStateHandlingShouldBeIdentical" computerName="Cray" duration="00:00:00.0238466" startTime="2025-09-10T08:36:49.5407730+01:00" endTime="2025-09-10T08:36:49.5468294+01:00" testType="13cdc9d9-ddb5-4fa4-a97d-d965ccfc6d4b" outcome="Passed" testListId="8c84fa94-04c1-424b-9868-57a2d4851a1d" relativeResultsDirectory="9a80027a-f95f-4cc7-a0a9-9102f3319e8a" />
    <UnitTestResult executionId="e0a810b3-302e-43a3-8a9a-27f932e4856e" testId="e859342f-6f61-0809-30e3-403cbcdfe2a9" testName="FastFsm.Tests.Features.Core.EnumParityTests.States_HaveFullParity(machineName: &quot;LongName&quot;, machine: MachineInfo { FluentStateType = typeof(FastFsm.Tests.Features.EdgeCases.NameCollisionTests+LongNameState), FluentTriggerType = typeof(FastFsm.Tests.Features.EdgeCases.NameCollisionTests+LongNameTrigger), IsComplete = True, LegacyStateType = typeof(FastFsm.Tests.Features.EdgeCases.NameCollisionTests+LongNameState), LegacyTriggerType = typeof(FastFsm.Tests.Features.EdgeCases.NameCollisionTests+LongNameTrigger), ··· })" computerName="Cray" duration="00:00:00.0011199" startTime="2025-09-10T08:36:49.5634568+01:00" endTime="2025-09-10T08:36:49.5637647+01:00" testType="13cdc9d9-ddb5-4fa4-a97d-d965ccfc6d4b" outcome="Passed" testListId="8c84fa94-04c1-424b-9868-57a2d4851a1d" relativeResultsDirectory="e0a810b3-302e-43a3-8a9a-27f932e4856e">
      <Output>
        <StdOut>=== Enum Parity Report for LongName ===
Fluent Type: LongNameState
Legacy Type: LongNameState

✅ Full parity achieved!</StdOut>
      </Output>
    </UnitTestResult>
    <UnitTestResult executionId="acf268d0-ac1c-46b9-996d-84adee4a08f5" testId="cf2ff307-32dc-b7ea-9385-ccba96999982" testName="FastFsm.Tests.Features.Core.CoreMinimalTests.Core_MinimalMemoryFootprint(apiType: Legacy)" computerName="Cray" duration="00:00:00.0137405" startTime="2025-09-10T08:36:49.5416739+01:00" endTime="2025-09-10T08:36:49.5433626+01:00" testType="13cdc9d9-ddb5-4fa4-a97d-d965ccfc6d4b" outcome="Passed" testListId="8c84fa94-04c1-424b-9868-57a2d4851a1d" relativeResultsDirectory="acf268d0-ac1c-46b9-996d-84adee4a08f5" />
    <UnitTestResult executionId="12052ae2-e7b5-40cd-9899-d6ebacfa8677" testId="a3c063e9-36db-0716-beab-20ba87c72b2a" testName="FastFsm.Tests.Features.EdgeCases.NameCollisionTests.StateNames_WithCSharpKeywords_AreHandledCorrectly" computerName="Cray" duration="00:00:00.0129091" startTime="2025-09-10T08:36:49.5237333+01:00" endTime="2025-09-10T08:36:49.5282999+01:00" testType="13cdc9d9-ddb5-4fa4-a97d-d965ccfc6d4b" outcome="Passed" testListId="8c84fa94-04c1-424b-9868-57a2d4851a1d" relativeResultsDirectory="12052ae2-e7b5-40cd-9899-d6ebacfa8677" />
    <UnitTestResult executionId="742b5279-d1f7-4e18-9c19-21ba9f9188cd" testId="9e8c9b00-d8ca-5e38-9b13-5b7e134bcbee" testName="FastFsm.Tests.Features.Hsm.CompileTime.HsmParsingCompilationTestsLegacy.EdgeCaseMachineCanBeInstantiated" computerName="Cray" duration="00:00:00.0000839" startTime="2025-09-10T08:36:49.5123186+01:00" endTime="2025-09-10T08:36:49.5123549+01:00" testType="13cdc9d9-ddb5-4fa4-a97d-d965ccfc6d4b" outcome="Passed" testListId="8c84fa94-04c1-424b-9868-57a2d4851a1d" relativeResultsDirectory="742b5279-d1f7-4e18-9c19-21ba9f9188cd" />
    <UnitTestResult executionId="f81a9c7b-7b81-4adb-bd7b-51e401ae1eac" testId="e5c54111-3812-3605-3c56-3710bca9151e" testName="FastFsm.Tests.Features.Core.CoreMinimalTests.Core_InvalidTransition_ReturnsFalse(apiType: Legacy)" computerName="Cray" duration="00:00:00.0867414" startTime="2025-09-10T08:36:49.4419930+01:00" endTime="2025-09-10T08:36:49.5187401+01:00" testType="13cdc9d9-ddb5-4fa4-a97d-d965ccfc6d4b" outcome="Failed" testListId="8c84fa94-04c1-424b-9868-57a2d4851a1d" relativeResultsDirectory="f81a9c7b-7b81-4adb-bd7b-51e401ae1eac">
      <Output>
        <ErrorInfo>
          <Message>Microsoft.CSharp.RuntimeBinder.RuntimeBinderException : The best overloaded method match for 'FastFsm.Runtime.StateMachineBase&lt;FastFsm.Tests.Features.Performance.BenchmarkTestsLegacy.BenchmarkState,FastFsm.Tests.Features.Performance.BenchmarkTestsLegacy.BenchmarkTrigger&gt;.TryFire(FastFsm.Tests.Features.Performance.BenchmarkTestsLegacy.BenchmarkTrigger, object)' has some invalid arguments</Message>
          <StackTrace>   at CallSite.Target(Closure, CallSite, Object, Object)
   at System.Dynamic.UpdateDelegates.UpdateAndExecute2[T0,T1,TRet](CallSite site, T0 arg0, T1 arg1)
   at FastFsm.Tests.Features.Core.CoreMinimalTests.Core_InvalidTransition_ReturnsFalse(ApiType apiType) in /home/lukasz/FastFsm/FastFsm.Tests/Features/Core/CoreMinimalTests.cs:line 82
   at System.RuntimeMethodHandle.InvokeMethod(Object target, Void** arguments, Signature sig, Boolean isConstructor)
   at System.Reflection.MethodBaseInvoker.InvokeDirectByRefWithFewArgs(Object obj, Span`1 copyOfArgs, BindingFlags invokeAttr)</StackTrace>
        </ErrorInfo>
      </Output>
    </UnitTestResult>
    <UnitTestResult executionId="54864d06-f7fa-406c-994d-5879bea77e48" testId="cb8f708b-868f-1d21-85d6-50a9a1e087dd" testName="FastFsm.Tests.Features.Performance.BenchmarkTestsLegacy.Legacy_Core_MillionTransitions_PerformanceTest" computerName="Cray" duration="00:00:00.0080213" startTime="2025-09-10T08:36:50.6864588+01:00" endTime="2025-09-10T08:36:50.6944499+01:00" testType="13cdc9d9-ddb5-4fa4-a97d-d965ccfc6d4b" outcome="Passed" testListId="8c84fa94-04c1-424b-9868-57a2d4851a1d" relativeResultsDirectory="54864d06-f7fa-406c-994d-5879bea77e48">
      <Output>
        <StdOut>Legacy Core (baseline) Performance:
  Total time: 7ms
  Per transition: 7.6ns
  Throughput: 132,392,464 transitions/sec</StdOut>
      </Output>
    </UnitTestResult>
    <UnitTestResult executionId="5ff2fee3-d8cb-4f60-8bbe-dd6a771d8f68" testId="6b335268-e719-f4e3-c743-0f7dc608043d" testName="FastFsm.Tests.Features.Exceptions.ExceptionDirective_Positions_Tests.OnException_AtEnd_Continue_Swallows" computerName="Cray" duration="00:00:00.0063895" startTime="2025-09-10T08:36:49.5034220+01:00" endTime="2025-09-10T08:36:49.5090637+01:00" testType="13cdc9d9-ddb5-4fa4-a97d-d965ccfc6d4b" outcome="Passed" testListId="8c84fa94-04c1-424b-9868-57a2d4851a1d" relativeResultsDirectory="5ff2fee3-d8cb-4f60-8bbe-dd6a771d8f68" />
[...]
[xUnit.net 00:00:00.45]            at System.Reflection.MethodBaseInvoker.InvokeDirectByRefWithFewArgs(Object obj, Span`1 copyOfArgs, BindingFlags invokeAttr)
[xUnit.net 00:00:00.45]         ----- Inner Stack Trace -----
[xUnit.net 00:00:00.45]            at CallSite.Target(Closure, CallSite, Object, Object)
[xUnit.net 00:00:00.45]            at System.Dynamic.UpdateDelegates.UpdateAndExecute2[T0,T1,TRet](CallSite site, T0 arg0, T1 arg1)
[xUnit.net 00:00:00.45]         /home/lukasz/FastFsm/FastFsm.Tests/Features/Core/CoreMinimalTests.cs(103,0): at FastFsm.Tests.Features.Core.CoreMinimalTests.&lt;&gt;c__DisplayClass7_0.&lt;Core_Fire_ThrowsOnInvalidTransition&gt;b__0()
[xUnit.net 00:00:00.45]         /_/src/Shouldly/ShouldStaticClasses/ShouldThrow.cs(76,0): at Shouldly.Should.ThrowInternal[TException](Func`1 actual, String customMessage, String shouldlyMethod)
[xUnit.net 00:00:00.45]       Shouldly.ShouldAssertException : `machine.Fire(triggerPrevious)`&#xD;
[xUnit.net 00:00:00.45]           should throw&#xD;
[xUnit.net 00:00:00.45]       System.InvalidOperationException&#xD;
[xUnit.net 00:00:00.45]           but threw&#xD;
[xUnit.net 00:00:00.45]       Microsoft.CSharp.RuntimeBinder.RuntimeBinderException
[xUnit.net 00:00:00.45]       ---- Microsoft.CSharp.RuntimeBinder.RuntimeBinderException : The best overloaded method match for 'FastFsm.Runtime.StateMachineBase&lt;FastFsm.Tests.Features.Performance.BenchmarkTests.BenchmarkState,FastFsm.Tests.Features.Performance.BenchmarkTests.BenchmarkTrigger&gt;.Fire(FastFsm.Tests.Features.Performance.BenchmarkTests.BenchmarkTrigger, object)' has some invalid arguments
[xUnit.net 00:00:00.45]       Stack Trace:
[xUnit.net 00:00:00.45]         /home/lukasz/FastFsm/FastFsm.Tests/Features/Core/CoreMinimalTests.cs(102,0): at FastFsm.Tests.Features.Core.CoreMinimalTests.Core_Fire_ThrowsOnInvalidTransition(ApiType apiType)
[xUnit.net 00:00:00.45]            at InvokeStub_CoreMinimalTests.Core_Fire_ThrowsOnInvalidTransition(Object, Span`1)
[xUnit.net 00:00:00.45]            at System.Reflection.MethodBaseInvoker.InvokeWithOneArg(Object obj, BindingFlags invokeAttr, Binder binder, Object[] parameters, CultureInfo culture)
[xUnit.net 00:00:00.45]         ----- Inner Stack Trace -----
[xUnit.net 00:00:00.45]            at CallSite.Target(Closure, CallSite, Object, Object)
[xUnit.net 00:00:00.45]            at System.Dynamic.UpdateDelegates.UpdateAndExecute2[T0,T1,TRet](CallSite site, T0 arg0, T1 arg1)
[xUnit.net 00:00:00.45]         /home/lukasz/FastFsm/FastFsm.Tests/Features/Core/CoreMinimalTests.cs(103,0): at FastFsm.Tests.Features.Core.CoreMinimalTests.&lt;&gt;c__DisplayClass7_0.&lt;Core_Fire_ThrowsOnInvalidTransition&gt;b__0()
[xUnit.net 00:00:00.45]         /_/src/Shouldly/ShouldStaticClasses/ShouldThrow.cs(76,0): at Shouldly.Should.ThrowInternal[TException](Func`1 actual, String customMessage, String shouldlyMethod)
[xUnit.net 00:00:00.46]       Microsoft.CSharp.RuntimeBinder.RuntimeBinderException : The best overloaded method match for 'FastFsm.Runtime.StateMachineBase&lt;FastFsm.Tests.Features.Performance.BenchmarkTests.BenchmarkState,FastFsm.Tests.Features.Performance.BenchmarkTests.BenchmarkTrigger&gt;.TryFire(FastFsm.Tests.Features.Performance.BenchmarkTests.BenchmarkTrigger, object)' has some invalid arguments
[xUnit.net 00:00:00.46]       Stack Trace:
[xUnit.net 00:00:00.46]            at CallSite.Target(Closure, CallSite, Object, Object)
[xUnit.net 00:00:00.46]            at System.Dynamic.UpdateDelegates.UpdateAndExecute2[T0,T1,TRet](CallSite site, T0 arg0, T1 arg1)
[xUnit.net 00:00:00.46]         /home/lukasz/FastFsm/FastFsm.Tests/Features/Core/CoreMinimalTests.cs(64,0): at FastFsm.Tests.Features.Core.CoreMinimalTests.Core_BasicTransitions_WorkCorrectly(ApiType apiType)
[xUnit.net 00:00:00.46]            at System.RuntimeMethodHandle.InvokeMethod(Object target, Void** arguments, Signature sig, Boolean isConstructor)
[xUnit.net 00:00:00.46]            at System.Reflection.MethodBaseInvoker.InvokeDirectByRefWithFewArgs(Object obj, Span`1 copyOfArgs, BindingFlags invokeAttr)
[xUnit.net 00:00:00.46]       Microsoft.CSharp.RuntimeBinder.RuntimeBinderException : The best overloaded method match for 'FastFsm.Runtime.StateMachineBase&lt;FastFsm.Tests.Features.Performance.BenchmarkTestsLegacy.BenchmarkState,FastFsm.Tests.Features.Performance.BenchmarkTestsLegacy.BenchmarkTrigger&gt;.TryFire(FastFsm.Tests.Features.Performance.BenchmarkTestsLegacy.BenchmarkTrigger, object)' has some invalid arguments
[xUnit.net 00:00:00.46]       Stack Trace:
[xUnit.net 00:00:00.46]            at CallSite.Target(Closure, CallSite, Object, Object)
[xUnit.net 00:00:00.46]            at System.Dynamic.UpdateDelegates.UpdateAndExecute2[T0,T1,TRet](CallSite site, T0 arg0, T1 arg1)
[xUnit.net 00:00:00.46]         /home/lukasz/FastFsm/FastFsm.Tests/Features/Core/CoreMinimalTests.cs(64,0): at FastFsm.Tests.Features.Core.CoreMinimalTests.Core_BasicTransitions_WorkCorrectly(ApiType apiType)
[xUnit.net 00:00:00.46]            at InvokeStub_CoreMinimalTests.Core_BasicTransitions_WorkCorrectly(Object, Span`1)
[xUnit.net 00:00:00.46]            at System.Reflection.MethodBaseInvoker.InvokeWithOneArg(Object obj, BindingFlags invokeAttr, Binder binder, Object[] parameters, CultureInfo culture)
[xUnit.net 00:00:01.58]       Basic variant has 61.1% overhead, expected &lt; 50%
[xUnit.net 00:00:01.58]       Stack Trace:
[xUnit.net 00:00:01.58]         /home/lukasz/FastFsm/FastFsm.Tests/Features/Performance/BenchmarkTests.Legacy.cs(121,0): at FastFsm.Tests.Features.Performance.BenchmarkTestsLegacy.Legacy_CompareCoreVsCoreWithCallbacks_PerformanceOverhead()
[xUnit.net 00:00:01.58]            at System.RuntimeMethodHandle.InvokeMethod(Object target, Void** arguments, Signature sig, Boolean isConstructor)
[xUnit.net 00:00:01.58]            at System.Reflection.MethodBaseInvoker.InvokeWithNoArgs(Object obj, BindingFlags invokeAttr)
[xUnit.net 00:00:01.58]       Output:
[xUnit.net 00:00:01.58]         Legacy Feature Comparison (100,000 transitions):
[xUnit.net 00:00:01.58]           Core:           0.70ms
[xUnit.net 00:00:01.58]           Core+Callbacks: 1.13ms
[xUnit.net 00:00:01.58]           Overhead: 61.1%
[xUnit.net 00:00:01.60]   Finished:    FastFsm.Tests
</StdOut>
    </Output>
    <RunInfos>
      <RunInfo computerName="Cray" outcome="Warning" timestamp="2025-09-10T08:36:49.2682150+01:00">
        <Text>[xUnit.net 00:00:00.15] FastFsm.Tests: Skipping test case with duplicate ID '9a7367f63de6aeb9140b4a197139aa7b25edc536' ('FastFsm.Tests.Features.Core.WrapperSmokeTests.Machine_CanStartAndCheckTriggers(machineName: "PayloadStateMachine", apiType: Fluent)' and 'FastFsm.Tests.Features.Core.WrapperSmokeTests.Machine_CanStartAndCheckTriggers(machineName: "PayloadStateMachine", apiType: Fluent)')</Text>
      </RunInfo>
      <RunInfo computerName="Cray" outcome="Warning" timestamp="2025-09-10T08:36:49.2684118+01:00">
        <Text>[xUnit.net 00:00:00.15] FastFsm.Tests: Skipping test case with duplicate ID 'e9fdff31cc7175b82a236510ea210b9d05e95db7' ('FastFsm.Tests.Features.Core.WrapperSmokeTests.Machine_CanStartAndCheckTriggers(machineName: "PayloadStateMachine", apiType: Legacy)' and 'FastFsm.Tests.Features.Core.WrapperSmokeTests.Machine_CanStartAndCheckTriggers(machineName: "PayloadStateMachine", apiType: Legacy)')</Text>
      </RunInfo>
      <RunInfo computerName="Cray" outcome="Error" timestamp="2025-09-10T08:36:49.4655964+01:00">
        <Text>[xUnit.net 00:00:00.34]     FastFsm.Tests.Features.Parity.DualApiMatrixTests.Machine_Capabilities_AreConsistent(machineName: "FullMultiPayload", apiType: Fluent) [FAIL]</Text>
      </RunInfo>
      <RunInfo computerName="Cray" outcome="Error" timestamp="2025-09-10T08:36:49.4675622+01:00">
        <Text>[xUnit.net 00:00:00.34]     FastFsm.Tests.Features.Parity.DualApiMatrixTests.Machine_Capabilities_AreConsistent(machineName: "PayloadStateMachine", apiType: Fluent) [FAIL]</Text>
      </RunInfo>
      <RunInfo computerName="Cray" outcome="Error" timestamp="2025-09-10T08:36:49.4675835+01:00">
        <Text>[xUnit.net 00:00:00.34]     FastFsm.Tests.Features.Parity.DualApiMatrixTests.Machine_Capabilities_AreConsistent(machineName: "FullMultiPayload", apiType: Legacy) [FAIL]</Text>
      </RunInfo>
      <RunInfo computerName="Cray" outcome="Error" timestamp="2025-09-10T08:36:49.4675932+01:00">
        <Text>[xUnit.net 00:00:00.34]     FastFsm.Tests.Features.Parity.DualApiMatrixTests.Machine_Capabilities_AreConsistent(machineName: "CoreBenchmark", apiType: Legacy) [FAIL]</Text>
      </RunInfo>
      <RunInfo computerName="Cray" outcome="Error" timestamp="2025-09-10T08:36:49.4693705+01:00">
        <Text>[xUnit.net 00:00:00.35]     FastFsm.Tests.Features.Parity.DualApiMatrixTests.Machine_Capabilities_AreConsistent(machineName: "PayloadStateMachine", apiType: Legacy) [FAIL]</Text>
      </RunInfo>
      <RunInfo computerName="Cray" outcome="Error" timestamp="2025-09-10T08:36:49.4694418+01:00">
        <Text>[xUnit.net 00:00:00.35]     FastFsm.Tests.Features.Parity.DualApiMatrixTests.Machine_Capabilities_AreConsistent(machineName: "GuardPermitted", apiType: Fluent) [FAIL]</Text>
      </RunInfo>
      <RunInfo computerName="Cray" outcome="Error" timestamp="2025-09-10T08:36:49.4694633+01:00">
        <Text>[xUnit.net 00:00:00.35]     FastFsm.Tests.Features.Parity.DualApiMatrixTests.Machine_Capabilities_AreConsistent(machineName: "CoreBenchmark", apiType: Fluent) [FAIL]</Text>
      </RunInfo>
      <RunInfo computerName="Cray" outcome="Error" timestamp="2025-09-10T08:36:49.4710764+01:00">
        <Text>[xUnit.net 00:00:00.35]     FastFsm.Tests.Features.Parity.DualApiMatrixTests.Machine_Capabilities_AreConsistent(machineName: "GuardPermitted", apiType: Legacy) [FAIL]</Text>
      </RunInfo>
      <RunInfo computerName="Cray" outcome="Error" timestamp="2025-09-10T08:36:49.4711324+01:00">
        <Text>[xUnit.net 00:00:00.35]     FastFsm.Tests.Features.Parity.DualApiMatrixTests.Machine_BasicOperations_WorkOnBothApis(machineName: "GuardPermitted", apiType: Fluent) [FAIL]</Text>
      </RunInfo>
      <RunInfo computerName="Cray" outcome="Error" timestamp="2025-09-10T08:36:49.4711947+01:00">
        <Text>[xUnit.net 00:00:00.35]     FastFsm.Tests.Features.Parity.DualApiMatrixTests.Machine_BasicOperations_WorkOnBothApis(machineName: "FullMultiPayload", apiType: Fluent) [FAIL]</Text>
      </RunInfo>
      <RunInfo computerName="Cray" outcome="Error" timestamp="2025-09-10T08:36:49.4749407+01:00">
        <Text>[xUnit.net 00:00:00.35]     FastFsm.Tests.Features.Parity.DualApiMatrixTests.Machine_BasicOperations_WorkOnBothApis(machineName: "GuardPermitted", apiType: Legacy) [FAIL]</Text>
      </RunInfo>
      <RunInfo computerName="Cray" outcome="Error" timestamp="2025-09-10T08:36:49.4749591+01:00">
        <Text>[xUnit.net 00:00:00.35]     FastFsm.Tests.Features.Parity.DualApiMatrixTests.Machine_BasicOperations_WorkOnBothApis(machineName: "PayloadStateMachine", apiType: Fluent) [FAIL]</Text>
      </RunInfo>
      <RunInfo computerName="Cray" outcome="Error" timestamp="2025-09-10T08:36:49.4751710+01:00">
        <Text>[xUnit.net 00:00:00.35]     FastFsm.Tests.Features.Parity.DualApiMatrixTests.Machine_BasicOperations_WorkOnBothApis(machineName: "CoreBenchmark", apiType: Fluent) [FAIL]</Text>
      </RunInfo>
      <RunInfo computerName="Cray" outcome="Error" timestamp="2025-09-10T08:36:49.4757698+01:00">
        <Text>[xUnit.net 00:00:00.36]     FastFsm.Tests.Features.Parity.DualApiMatrixTests.Machine_BasicOperations_WorkOnBothApis(machineName: "PayloadStateMachine", apiType: Legacy) [FAIL]</Text>
      </RunInfo>
      <RunInfo computerName="Cray" outcome="Error" timestamp="2025-09-10T08:36:49.4799263+01:00">
        <Text>[xUnit.net 00:00:00.36]     FastFsm.Tests.Features.Parity.DualApiMatrixTests.Machine_BasicOperations_WorkOnBothApis(machineName: "CoreBenchmark", apiType: Legacy) [FAIL]</Text>
      </RunInfo>
      <RunInfo computerName="Cray" outcome="Error" timestamp="2025-09-10T08:36:49.4799781+01:00">
        <Text>[xUnit.net 00:00:00.36]     FastFsm.Tests.Features.Parity.DualApiMatrixTests.Machine_BasicOperations_WorkOnBothApis(machineName: "FullMultiPayload", apiType: Legacy) [FAIL]</Text>
      </RunInfo>
      <RunInfo computerName="Cray" outcome="Error" timestamp="2025-09-10T08:36:49.4821528+01:00">
        <Text>[xUnit.net 00:00:00.36]     FastFsm.Tests.Features.Parity.DualApiMatrixTests.Machine_AsyncOperations_WorkOnBothApis(machineName: "GuardPermitted", apiType: Fluent) [FAIL]</Text>
      </RunInfo>
      <RunInfo computerName="Cray" outcome="Error" timestamp="2025-09-10T08:36:49.4902405+01:00">
        <Text>[xUnit.net 00:00:00.37]     FastFsm.Tests.Features.Parity.DualApiMatrixTests.Machine_AsyncOperations_WorkOnBothApis(machineName: "PayloadStateMachine", apiType: Legacy) [FAIL]</Text>
      </RunInfo>
      <RunInfo computerName="Cray" outcome="Error" timestamp="2025-09-10T08:36:49.4945205+01:00">
        <Text>[xUnit.net 00:00:00.37]     FastFsm.Tests.Features.Parity.DualApiMatrixTests.Machine_AsyncOperations_WorkOnBothApis(machineName: "FullMultiPayload", apiType: Fluent) [FAIL]</Text>
      </RunInfo>
      <RunInfo computerName="Cray" outcome="Error" timestamp="2025-09-10T08:36:49.4969293+01:00">
        <Text>[xUnit.net 00:00:00.38]     FastFsm.Tests.Features.Parity.DualApiMatrixTests.Machine_AsyncOperations_WorkOnBothApis(machineName: "CoreBenchmark", apiType: Fluent) [FAIL]</Text>
      </RunInfo>
      <RunInfo computerName="Cray" outcome="Error" timestamp="2025-09-10T08:36:49.5021316+01:00">
        <Text>[xUnit.net 00:00:00.38]     FastFsm.Tests.Features.Parity.DualApiMatrixTests.Machine_AsyncOperations_WorkOnBothApis(machineName: "GuardPermitted", apiType: Legacy) [FAIL]</Text>
      </RunInfo>
      <RunInfo computerName="Cray" outcome="Error" timestamp="2025-09-10T08:36:49.5054073+01:00">
        <Text>[xUnit.net 00:00:00.38]     FastFsm.Tests.Features.Parity.DualApiMatrixTests.Machine_AsyncOperations_WorkOnBothApis(machineName: "CoreBenchmark", apiType: Legacy) [FAIL]</Text>
      </RunInfo>
      <RunInfo computerName="Cray" outcome="Error" timestamp="2025-09-10T08:36:49.5054785+01:00">
        <Text>[xUnit.net 00:00:00.38]     FastFsm.Tests.Features.Parity.DualApiMatrixTests.Machine_AsyncOperations_WorkOnBothApis(machineName: "FullMultiPayload", apiType: Legacy) [FAIL]</Text>
      </RunInfo>
      <RunInfo computerName="Cray" outcome="Error" timestamp="2025-09-10T08:36:49.5073894+01:00">
        <Text>[xUnit.net 00:00:00.39]     FastFsm.Tests.Features.Parity.DualApiMatrixTests.Machine_AsyncOperations_WorkOnBothApis(machineName: "PayloadStateMachine", apiType: Fluent) [FAIL]</Text>
      </RunInfo>
      <RunInfo computerName="Cray" outcome="Error" timestamp="2025-09-10T08:36:49.5198378+01:00">
        <Text>[xUnit.net 00:00:00.40]     FastFsm.Tests.Features.Core.CoreMinimalTests.Core_InvalidTransition_ReturnsFalse(apiType: Legacy) [FAIL]</Text>
      </RunInfo>
      <RunInfo computerName="Cray" outcome="Error" timestamp="2025-09-10T08:36:49.5229959+01:00">
        <Text>[xUnit.net 00:00:00.40]     FastFsm.Tests.Features.Lifecycle.LifecycleTests.Machine_Throws_Before_Start(apiType: Fluent) [FAIL]</Text>
      </RunInfo>
      <RunInfo computerName="Cray" outcome="Error" timestamp="2025-09-10T08:36:49.5359090+01:00">
        <Text>[xUnit.net 00:00:00.41]     FastFsm.Tests.Features.Parity.CoverageParityTests.AllMachines_MustHave_WorkingWrappers [FAIL]</Text>
      </RunInfo>
      <RunInfo computerName="Cray" outcome="Error" timestamp="2025-09-10T08:36:49.5359617+01:00">
        <Text>[xUnit.net 00:00:00.41]     FastFsm.Tests.Features.Parity.CoverageParityTests.ApiCapabilities_MustBe_ConsistentAcrossApis [FAIL]</Text>
      </RunInfo>
      <RunInfo computerName="Cray" outcome="Error" timestamp="2025-09-10T08:36:49.5360132+01:00">
        <Text>[xUnit.net 00:00:00.41]     FastFsm.Tests.Features.Parity.CoverageParityTests.AllMachines_MustBe_RegisteredInMachineRegistry [FAIL]</Text>
      </RunInfo>
      <RunInfo computerName="Cray" outcome="Error" timestamp="2025-09-10T08:36:49.5387870+01:00">
        <Text>[xUnit.net 00:00:00.42]     FastFsm.Tests.Features.Parity.CoverageParityTests.AllMachines_MustHave_BothFluentAndLegacy_Implementations [FAIL]</Text>
      </RunInfo>
      <RunInfo computerName="Cray" outcome="Error" timestamp="2025-09-10T08:36:49.5417340+01:00">
        <Text>[xUnit.net 00:00:00.42]     FastFsm.Tests.Features.Core.CoreMinimalTests.Core_InvalidTransition_ReturnsFalse(apiType: Fluent) [FAIL]</Text>
      </RunInfo>
      <RunInfo computerName="Cray" outcome="Error" timestamp="2025-09-10T08:36:49.5419678+01:00">
        <Text>[xUnit.net 00:00:00.42]     FastFsm.Tests.Features.Lifecycle.LifecycleTests.Machine_Throws_Before_Start(apiType: Legacy) [FAIL]</Text>
      </RunInfo>
      <RunInfo computerName="Cray" outcome="Error" timestamp="2025-09-10T08:36:49.5451720+01:00">
        <Text>[xUnit.net 00:00:00.42]     FastFsm.Tests.Features.Lifecycle.LifecycleTests.Machine_Works_After_Start(apiType: Fluent) [FAIL]</Text>
      </RunInfo>
      <RunInfo computerName="Cray" outcome="Error" timestamp="2025-09-10T08:36:49.5456516+01:00">
        <Text>[xUnit.net 00:00:00.43]     FastFsm.Tests.Features.Lifecycle.LifecycleTests.Machine_Works_After_Start(apiType: Legacy) [FAIL]</Text>
      </RunInfo>
      <RunInfo computerName="Cray" outcome="Error" timestamp="2025-09-10T08:36:49.5477333+01:00">
        <Text>[xUnit.net 00:00:00.43]     FastFsm.Tests.Features.Core.CoreMinimalTests.Core_GetPermittedTriggers_ReturnsCorrectTriggers(apiType: Legacy) [FAIL]</Text>
      </RunInfo>
      <RunInfo computerName="Cray" outcome="Error" timestamp="2025-09-10T08:36:49.5495053+01:00">
        <Text>[xUnit.net 00:00:00.43]     FastFsm.Tests.Features.Core.CoreMinimalTests.Core_GetPermittedTriggers_ReturnsCorrectTriggers(apiType: Fluent) [FAIL]</Text>
      </RunInfo>
      <RunInfo computerName="Cray" outcome="Error" timestamp="2025-09-10T08:36:49.5656122+01:00">
        <Text>[xUnit.net 00:00:00.44]     FastFsm.Tests.Features.Core.CoreMinimalTests.Core_CanFire_ChecksTransitions(apiType: Legacy) [FAIL]</Text>
      </RunInfo>
      <RunInfo computerName="Cray" outcome="Error" timestamp="2025-09-10T08:36:49.5656633+01:00">
        <Text>[xUnit.net 00:00:00.44]     FastFsm.Tests.Features.Core.CoreMinimalTests.Core_CanFire_ChecksTransitions(apiType: Fluent) [FAIL]</Text>
      </RunInfo>
      <RunInfo computerName="Cray" outcome="Error" timestamp="2025-09-10T08:36:49.5677196+01:00">
        <Text>[xUnit.net 00:00:00.45]     FastFsm.Tests.Features.Core.CoreMinimalTests.Core_Fire_ThrowsOnInvalidTransition(apiType: Legacy) [FAIL]</Text>
      </RunInfo>
      <RunInfo computerName="Cray" outcome="Error" timestamp="2025-09-10T08:36:49.5685937+01:00">
        <Text>[xUnit.net 00:00:00.45]     FastFsm.Tests.Features.Core.CoreMinimalTests.Core_Fire_ThrowsOnInvalidTransition(apiType: Fluent) [FAIL]</Text>
      </RunInfo>
      <RunInfo computerName="Cray" outcome="Error" timestamp="2025-09-10T08:36:49.5794408+01:00">
        <Text>[xUnit.net 00:00:00.46]     FastFsm.Tests.Features.Core.CoreMinimalTests.Core_BasicTransitions_WorkCorrectly(apiType: Fluent) [FAIL]</Text>
      </RunInfo>
      <RunInfo computerName="Cray" outcome="Error" timestamp="2025-09-10T08:36:49.5810176+01:00">
        <Text>[xUnit.net 00:00:00.46]     FastFsm.Tests.Features.Core.CoreMinimalTests.Core_BasicTransitions_WorkCorrectly(apiType: Legacy) [FAIL]</Text>
      </RunInfo>
      <RunInfo computerName="Cray" outcome="Error" timestamp="2025-09-10T08:36:50.6986667+01:00">
        <Text>[xUnit.net 00:00:01.58]     FastFsm.Tests.Features.Performance.BenchmarkTestsLegacy.Legacy_CompareCoreVsCoreWithCallbacks_PerformanceOverhead [FAIL]</Text>
      </RunInfo>
    </RunInfos>
  </ResultSummary>
</TestRun>